# JRE version: Java(TM) SE Runtime Environment (8.0_221-b11) (build 1.8.0_221-b11)
# Java VM: Java HotSpot(TM) 64-Bit Server VM (25.221-b11 mixed mode windows-amd64 compressed oops)
Heap:
 PSYoungGen      total 41472K, used 25885K [0x00000000d5580000, 0x00000000d8800000, 0x0000000100000000)
  eden space 32256K, 69% used [0x00000000d5580000,0x00000000d6b5ad38,0x00000000d7500000)
  from space 9216K, 38% used [0x00000000d7e80000,0x00000000d81ec840,0x00000000d8780000)
  to   space 9728K, 0% used [0x00000000d7500000,0x00000000d7500000,0x00000000d7e80000)
 ParOldGen       total 44032K, used 8371K [0x0000000080000000, 0x0000000082b00000, 0x00000000d5580000)
  object space 44032K, 19% used [0x0000000080000000,0x000000008082cf30,0x0000000082b00000)
 Metaspace       used 26659K, capacity 26996K, committed 27264K, reserved 1073152K
  class space    used 3271K, capacity 3420K, committed 3456K, reserved 1048576K
GC Heap History (10 events):
Event: 46.312 GC heap before
{Heap before GC invocations=3 (full 0):
 PSYoungGen      total 38400K, used 19257K [0x00000000d5580000, 0x00000000d8000000, 0x0000000100000000)
  eden space 33280K, 42% used [0x00000000d5580000,0x00000000d6356760,0x00000000d7600000)
  from space 5120K, 99% used [0x00000000d7b00000,0x00000000d7ff8060,0x00000000d8000000)
  to   space 5120K, 0% used [0x00000000d7600000,0x00000000d7600000,0x00000000d7b00000)
 ParOldGen       total 87552K, used 4702K [0x0000000080000000, 0x0000000085580000, 0x00000000d5580000)
  object space 87552K, 5% used [0x0000000080000000,0x00000000804979a8,0x0000000085580000)
 Metaspace       used 20903K, capacity 21182K, committed 21248K, reserved 1067008K
  class space    used 2654K, capacity 2799K, committed 2816K, reserved 1048576K
Event: 46.540 GC heap after
Heap after GC invocations=3 (full 0):
 PSYoungGen      total 38400K, used 5088K [0x00000000d5580000, 0x00000000d8000000, 0x0000000100000000)
  eden space 33280K, 0% used [0x00000000d5580000,0x00000000d5580000,0x00000000d7600000)
  from space 5120K, 99% used [0x00000000d7600000,0x00000000d7af8040,0x00000000d7b00000)
  to   space 5120K, 0% used [0x00000000d7b00000,0x00000000d7b00000,0x00000000d8000000)
 ParOldGen       total 87552K, used 6648K [0x0000000080000000, 0x0000000085580000, 0x00000000d5580000)
  object space 87552K, 7% used [0x0000000080000000,0x000000008067e380,0x0000000085580000)
 Metaspace       used 20903K, capacity 21182K, committed 21248K, reserved 1067008K
  class space    used 2654K, capacity 2799K, committed 2816K, reserved 1048576K
}
Event: 46.540 GC heap before
{Heap before GC invocations=4 (full 1):
 PSYoungGen      total 38400K, used 5088K [0x00000000d5580000, 0x00000000d8000000, 0x0000000100000000)
  eden space 33280K, 0% used [0x00000000d5580000,0x00000000d5580000,0x00000000d7600000)
  from space 5120K, 99% used [0x00000000d7600000,0x00000000d7af8040,0x00000000d7b00000)
  to   space 5120K, 0% used [0x00000000d7b00000,0x00000000d7b00000,0x00000000d8000000)
 ParOldGen       total 87552K, used 6648K [0x0000000080000000, 0x0000000085580000, 0x00000000d5580000)
  object space 87552K, 7% used [0x0000000080000000,0x000000008067e380,0x0000000085580000)
 Metaspace       used 20903K, capacity 21182K, committed 21248K, reserved 1067008K
  class space    used 2654K, capacity 2799K, committed 2816K, reserved 1048576K
Event: 46.724 GC heap after
Heap after GC invocations=4 (full 1):
 PSYoungGen      total 38400K, used 0K [0x00000000d5580000, 0x00000000d8000000, 0x0000000100000000)
  eden space 33280K, 0% used [0x00000000d5580000,0x00000000d5580000,0x00000000d7600000)
  from space 5120K, 0% used [0x00000000d7600000,0x00000000d7600000,0x00000000d7b00000)
  to   space 5120K, 0% used [0x00000000d7b00000,0x00000000d7b00000,0x00000000d8000000)
 ParOldGen       total 44032K, used 7150K [0x0000000080000000, 0x0000000082b00000, 0x00000000d5580000)
  object space 44032K, 16% used [0x0000000080000000,0x00000000806fba58,0x0000000082b00000)
 Metaspace       used 20903K, capacity 21182K, committed 21248K, reserved 1067008K
  class space    used 2654K, capacity 2799K, committed 2816K, reserved 1048576K
}
Event: 93.734 GC heap before
{Heap before GC invocations=5 (full 1):
 PSYoungGen      total 38400K, used 33280K [0x00000000d5580000, 0x00000000d8000000, 0x0000000100000000)
  eden space 33280K, 100% used [0x00000000d5580000,0x00000000d7600000,0x00000000d7600000)
  from space 5120K, 0% used [0x00000000d7600000,0x00000000d7600000,0x00000000d7b00000)
  to   space 5120K, 0% used [0x00000000d7b00000,0x00000000d7b00000,0x00000000d8000000)
 ParOldGen       total 44032K, used 7150K [0x0000000080000000, 0x0000000082b00000, 0x00000000d5580000)
  object space 44032K, 16% used [0x0000000080000000,0x00000000806fba58,0x0000000082b00000)
 Metaspace       used 25501K, capacity 25856K, committed 26240K, reserved 1073152K
  class space    used 3261K, capacity 3386K, committed 3456K, reserved 1048576K
Event: 93.744 GC heap after
Heap after GC invocations=5 (full 1):
 PSYoungGen      total 38400K, used 5089K [0x00000000d5580000, 0x00000000d8000000, 0x0000000100000000)
  eden space 33280K, 0% used [0x00000000d5580000,0x00000000d5580000,0x00000000d7600000)
  from space 5120K, 99% used [0x00000000d7b00000,0x00000000d7ff8720,0x00000000d8000000)
  to   space 5120K, 0% used [0x00000000d7600000,0x00000000d7600000,0x00000000d7b00000)
 ParOldGen       total 44032K, used 8355K [0x0000000080000000, 0x0000000082b00000, 0x00000000d5580000)
  object space 44032K, 18% used [0x0000000080000000,0x0000000080828f30,0x0000000082b00000)
 Metaspace       used 25501K, capacity 25856K, committed 26240K, reserved 1073152K
  class space    used 3261K, capacity 3386K, committed 3456K, reserved 1048576K
}
Event: 274.750 GC heap before
{Heap before GC invocations=6 (full 1):
 PSYoungGen      total 38400K, used 38369K [0x00000000d5580000, 0x00000000d8000000, 0x0000000100000000)
  eden space 33280K, 100% used [0x00000000d5580000,0x00000000d7600000,0x00000000d7600000)
  from space 5120K, 99% used [0x00000000d7b00000,0x00000000d7ff8720,0x00000000d8000000)
  to   space 5120K, 0% used [0x00000000d7600000,0x00000000d7600000,0x00000000d7b00000)
 ParOldGen       total 44032K, used 8355K [0x0000000080000000, 0x0000000082b00000, 0x00000000d5580000)
  object space 44032K, 18% used [0x0000000080000000,0x0000000080828f30,0x0000000082b00000)
 Metaspace       used 26268K, capacity 26568K, committed 26752K, reserved 1073152K
  class space    used 3266K, capacity 3386K, committed 3456K, reserved 1048576K
Event: 274.757 GC heap after
Heap after GC invocations=6 (full 1):
 PSYoungGen      total 37888K, used 3554K [0x00000000d5580000, 0x00000000d8780000, 0x0000000100000000)
  eden space 32768K, 0% used [0x00000000d5580000,0x00000000d5580000,0x00000000d7580000)
  from space 5120K, 69% used [0x00000000d7600000,0x00000000d79788b0,0x00000000d7b00000)
  to   space 9216K, 0% used [0x00000000d7e80000,0x00000000d7e80000,0x00000000d8780000)
 ParOldGen       total 44032K, used 8363K [0x0000000080000000, 0x0000000082b00000, 0x00000000d5580000)
  object space 44032K, 18% used [0x0000000080000000,0x000000008082af30,0x0000000082b00000)
 Metaspace       used 26268K, capacity 26568K, committed 26752K, reserved 1073152K
  class space    used 3266K, capacity 3386K, committed 3456K, reserved 1048576K
}
Event: 425.727 GC heap before
{Heap before GC invocations=7 (full 1):
 PSYoungGen      total 37888K, used 36322K [0x00000000d5580000, 0x00000000d8780000, 0x0000000100000000)
  eden space 32768K, 100% used [0x00000000d5580000,0x00000000d7580000,0x00000000d7580000)
  from space 5120K, 69% used [0x00000000d7600000,0x00000000d79788b0,0x00000000d7b00000)
  to   space 9216K, 0% used [0x00000000d7e80000,0x00000000d7e80000,0x00000000d8780000)
 ParOldGen       total 44032K, used 8363K [0x0000000080000000, 0x0000000082b00000, 0x00000000d5580000)
  object space 44032K, 18% used [0x0000000080000000,0x000000008082af30,0x0000000082b00000)
 Metaspace       used 26575K, capacity 26900K, committed 27264K, reserved 1073152K
  class space    used 3268K, capacity 3388K, committed 3456K, reserved 1048576K
Event: 425.876 GC heap after
Heap after GC invocations=7 (full 1):
 PSYoungGen      total 41472K, used 3506K [0x00000000d5580000, 0x00000000d8800000, 0x0000000100000000)
  eden space 32256K, 0% used [0x00000000d5580000,0x00000000d5580000,0x00000000d7500000)
  from space 9216K, 38% used [0x00000000d7e80000,0x00000000d81ec840,0x00000000d8780000)
  to   space 9728K, 0% used [0x00000000d7500000,0x00000000d7500000,0x00000000d7e80000)
 ParOldGen       total 44032K, used 8371K [0x0000000080000000, 0x0000000082b00000, 0x00000000d5580000)
  object space 44032K, 19% used [0x0000000080000000,0x000000008082cf30,0x0000000082b00000)
 Metaspace       used 26575K, capacity 26900K, committed 27264K, reserved 1073152K
  class space    used 3268K, capacity 3388K, committed 3456K, reserved 1048576K
}

