# JRE version: Java(TM) SE Runtime Environment (8.0_221-b11) (build 1.8.0_221-b11)
# Java VM: Java HotSpot(TM) 64-Bit Server VM (25.221-b11 mixed mode windows-amd64 compressed oops)
Heap:
 PSYoungGen      total 38400K, used 35337K [0x00000000d5580000, 0x00000000d8000000, 0x0000000100000000)
  eden space 33280K, 90% used [0x00000000d5580000,0x00000000d7308060,0x00000000d7600000)
  from space 5120K, 99% used [0x00000000d7b00000,0x00000000d7ffa540,0x00000000d8000000)
  to   space 5120K, 0% used [0x00000000d7600000,0x00000000d7600000,0x00000000d7b00000)
 ParOldGen       total 43520K, used 8232K [0x0000000080000000, 0x0000000082a80000, 0x00000000d5580000)
  object space 43520K, 18% used [0x0000000080000000,0x000000008080a3b8,0x0000000082a80000)
 Metaspace       used 26732K, capacity 27094K, committed 27264K, reserved 1073152K
  class space    used 3277K, capacity 3431K, committed 3456K, reserved 1048576K
GC Heap History (10 events):
Event: 6.103 GC heap before
{Heap before GC invocations=1 (full 0):
 PSYoungGen      total 38400K, used 33280K [0x00000000d5580000, 0x00000000d8000000, 0x0000000100000000)
  eden space 33280K, 100% used [0x00000000d5580000,0x00000000d7600000,0x00000000d7600000)
  from space 5120K, 0% used [0x00000000d7b00000,0x00000000d7b00000,0x00000000d8000000)
  to   space 5120K, 0% used [0x00000000d7600000,0x00000000d7600000,0x00000000d7b00000)
 ParOldGen       total 87552K, used 0K [0x0000000080000000, 0x0000000085580000, 0x00000000d5580000)
  object space 87552K, 0% used [0x0000000080000000,0x0000000080000000,0x0000000085580000)
 Metaspace       used 12154K, capacity 12310K, committed 12544K, reserved 1060864K
  class space    used 1486K, capacity 1521K, committed 1536K, reserved 1048576K
Event: 6.112 GC heap after
Heap after GC invocations=1 (full 0):
 PSYoungGen      total 38400K, used 5116K [0x00000000d5580000, 0x00000000d8000000, 0x0000000100000000)
  eden space 33280K, 0% used [0x00000000d5580000,0x00000000d5580000,0x00000000d7600000)
  from space 5120K, 99% used [0x00000000d7600000,0x00000000d7aff1a8,0x00000000d7b00000)
  to   space 5120K, 0% used [0x00000000d7b00000,0x00000000d7b00000,0x00000000d8000000)
 ParOldGen       total 87552K, used 1643K [0x0000000080000000, 0x0000000085580000, 0x00000000d5580000)
  object space 87552K, 1% used [0x0000000080000000,0x000000008019ac38,0x0000000085580000)
 Metaspace       used 12154K, capacity 12310K, committed 12544K, reserved 1060864K
  class space    used 1486K, capacity 1521K, committed 1536K, reserved 1048576K
}
Event: 31.228 GC heap before
{Heap before GC invocations=2 (full 0):
 PSYoungGen      total 38400K, used 38396K [0x00000000d5580000, 0x00000000d8000000, 0x0000000100000000)
  eden space 33280K, 100% used [0x00000000d5580000,0x00000000d7600000,0x00000000d7600000)
  from space 5120K, 99% used [0x00000000d7600000,0x00000000d7aff1a8,0x00000000d7b00000)
  to   space 5120K, 0% used [0x00000000d7b00000,0x00000000d7b00000,0x00000000d8000000)
 ParOldGen       total 87552K, used 1643K [0x0000000080000000, 0x0000000085580000, 0x00000000d5580000)
  object space 87552K, 1% used [0x0000000080000000,0x000000008019ac38,0x0000000085580000)
 Metaspace       used 18722K, capacity 19030K, committed 19200K, reserved 1067008K
  class space    used 2409K, capacity 2555K, committed 2560K, reserved 1048576K
Event: 31.246 GC heap after
Heap after GC invocations=2 (full 0):
 PSYoungGen      total 38400K, used 5104K [0x00000000d5580000, 0x00000000d8000000, 0x0000000100000000)
  eden space 33280K, 0% used [0x00000000d5580000,0x00000000d5580000,0x00000000d7600000)
  from space 5120K, 99% used [0x00000000d7b00000,0x00000000d7ffc050,0x00000000d8000000)
  to   space 5120K, 0% used [0x00000000d7600000,0x00000000d7600000,0x00000000d7b00000)
 ParOldGen       total 87552K, used 4659K [0x0000000080000000, 0x0000000085580000, 0x00000000d5580000)
  object space 87552K, 5% used [0x0000000080000000,0x000000008048cdc8,0x0000000085580000)
 Metaspace       used 18722K, capacity 19030K, committed 19200K, reserved 1067008K
  class space    used 2409K, capacity 2555K, committed 2560K, reserved 1048576K
}
Event: 38.584 GC heap before
{Heap before GC invocations=3 (full 0):
 PSYoungGen      total 38400K, used 18428K [0x00000000d5580000, 0x00000000d8000000, 0x0000000100000000)
  eden space 33280K, 40% used [0x00000000d5580000,0x00000000d62830f8,0x00000000d7600000)
  from space 5120K, 99% used [0x00000000d7b00000,0x00000000d7ffc050,0x00000000d8000000)
  to   space 5120K, 0% used [0x00000000d7600000,0x00000000d7600000,0x00000000d7b00000)
 ParOldGen       total 87552K, used 4659K [0x0000000080000000, 0x0000000085580000, 0x00000000d5580000)
  object space 87552K, 5% used [0x0000000080000000,0x000000008048cdc8,0x0000000085580000)
 Metaspace       used 20876K, capacity 21150K, committed 21248K, reserved 1067008K
  class space    used 2636K, capacity 2767K, committed 2816K, reserved 1048576K
Event: 38.595 GC heap after
Heap after GC invocations=3 (full 0):
 PSYoungGen      total 38400K, used 5104K [0x00000000d5580000, 0x00000000d8000000, 0x0000000100000000)
  eden space 33280K, 0% used [0x00000000d5580000,0x00000000d5580000,0x00000000d7600000)
  from space 5120K, 99% used [0x00000000d7600000,0x00000000d7afc030,0x00000000d7b00000)
  to   space 5120K, 0% used [0x00000000d7b00000,0x00000000d7b00000,0x00000000d8000000)
 ParOldGen       total 87552K, used 6437K [0x0000000080000000, 0x0000000085580000, 0x00000000d5580000)
  object space 87552K, 7% used [0x0000000080000000,0x00000000806496d0,0x0000000085580000)
 Metaspace       used 20876K, capacity 21150K, committed 21248K, reserved 1067008K
  class space    used 2636K, capacity 2767K, committed 2816K, reserved 1048576K
}
Event: 38.595 GC heap before
{Heap before GC invocations=4 (full 1):
 PSYoungGen      total 38400K, used 5104K [0x00000000d5580000, 0x00000000d8000000, 0x0000000100000000)
  eden space 33280K, 0% used [0x00000000d5580000,0x00000000d5580000,0x00000000d7600000)
  from space 5120K, 99% used [0x00000000d7600000,0x00000000d7afc030,0x00000000d7b00000)
  to   space 5120K, 0% used [0x00000000d7b00000,0x00000000d7b00000,0x00000000d8000000)
 ParOldGen       total 87552K, used 6437K [0x0000000080000000, 0x0000000085580000, 0x00000000d5580000)
  object space 87552K, 7% used [0x0000000080000000,0x00000000806496d0,0x0000000085580000)
 Metaspace       used 20876K, capacity 21150K, committed 21248K, reserved 1067008K
  class space    used 2636K, capacity 2767K, committed 2816K, reserved 1048576K
Event: 38.720 GC heap after
Heap after GC invocations=4 (full 1):
 PSYoungGen      total 38400K, used 0K [0x00000000d5580000, 0x00000000d8000000, 0x0000000100000000)
  eden space 33280K, 0% used [0x00000000d5580000,0x00000000d5580000,0x00000000d7600000)
  from space 5120K, 0% used [0x00000000d7600000,0x00000000d7600000,0x00000000d7b00000)
  to   space 5120K, 0% used [0x00000000d7b00000,0x00000000d7b00000,0x00000000d8000000)
 ParOldGen       total 43520K, used 6970K [0x0000000080000000, 0x0000000082a80000, 0x00000000d5580000)
  object space 43520K, 16% used [0x0000000080000000,0x00000000806ce928,0x0000000082a80000)
 Metaspace       used 20876K, capacity 21150K, committed 21248K, reserved 1067008K
  class space    used 2636K, capacity 2767K, committed 2816K, reserved 1048576K
}
Event: 95.374 GC heap before
{Heap before GC invocations=5 (full 1):
 PSYoungGen      total 38400K, used 33280K [0x00000000d5580000, 0x00000000d8000000, 0x0000000100000000)
  eden space 33280K, 100% used [0x00000000d5580000,0x00000000d7600000,0x00000000d7600000)
  from space 5120K, 0% used [0x00000000d7600000,0x00000000d7600000,0x00000000d7b00000)
  to   space 5120K, 0% used [0x00000000d7b00000,0x00000000d7b00000,0x00000000d8000000)
 ParOldGen       total 43520K, used 6970K [0x0000000080000000, 0x0000000082a80000, 0x00000000d5580000)
  object space 43520K, 16% used [0x0000000080000000,0x00000000806ce928,0x0000000082a80000)
 Metaspace       used 25667K, capacity 26054K, committed 26240K, reserved 1073152K
  class space    used 3267K, capacity 3431K, committed 3456K, reserved 1048576K
Event: 95.383 GC heap after
Heap after GC invocations=5 (full 1):
 PSYoungGen      total 38400K, used 5097K [0x00000000d5580000, 0x00000000d8000000, 0x0000000100000000)
  eden space 33280K, 0% used [0x00000000d5580000,0x00000000d5580000,0x00000000d7600000)
  from space 5120K, 99% used [0x00000000d7b00000,0x00000000d7ffa540,0x00000000d8000000)
  to   space 5120K, 0% used [0x00000000d7600000,0x00000000d7600000,0x00000000d7b00000)
 ParOldGen       total 43520K, used 8232K [0x0000000080000000, 0x0000000082a80000, 0x00000000d5580000)
  object space 43520K, 18% used [0x0000000080000000,0x000000008080a3b8,0x0000000082a80000)
 Metaspace       used 25667K, capacity 26054K, committed 26240K, reserved 1073152K
  class space    used 3267K, capacity 3431K, committed 3456K, reserved 1048576K
}

