<?xml version="1.0" encoding="UTF-8"?>
<!-- Generated by org.testng.reporters.JUnitXMLReporter -->
<testsuite hostname="dosysnet175" failures="2" tests="2" name="APT login" time="7.307" errors="0" timestamp="15 Oct 2019 09:08:13 GMT">
  <testcase classname="com.saksoft.qa.testscripts.APT_Login" name="APT_HeaderLogin" time="0.016">
    <failure type="java.lang.NullPointerException">
      <![CDATA[java.lang.NullPointerException
	at com.saksoft.qa.listeners.TestListener.onTestStart(TestListener.java:45)
... Removed 21 stack frames]]>
    </failure>
  </testcase> <!-- APT_HeaderLogin -->
  <testcase classname="com.saksoft.qa.testscripts.APT_Login" name="APT_HeaderLogin" time="0.14">
    <failure type="java.lang.NullPointerException">
      <![CDATA[java.lang.NullPointerException
	at com.saksoft.qa.listeners.TestListener.onTestFailure(TestListener.java:58)
... Removed 21 stack frames]]>
    </failure>
  </testcase> <!-- APT_HeaderLogin -->
</testsuite> <!-- APT login -->
