<?xml version="1.0" encoding="UTF-8"?>
<!-- Generated by org.testng.reporters.JUnitXMLReporter -->
<testsuite hostname="ULVMCTMTTL108" name="Default test" tests="18" failures="1" timestamp="8 Dec 2019 12:56:29 GMT" time="4393.744" errors="0">
  <testcase name="chooseCustomer" time="36.457" classname="com.saksoft.qa.testscripts.APT_MCS_CreateOrderService"/>
  <testcase name="verifyListofFieldsForOrderandServicetype" time="42.381" classname="com.saksoft.qa.testscripts.APT_MCS_CreateOrderService"/>
  <testcase name="selectTheServiceType" time="8.677" classname="com.saksoft.qa.testscripts.APT_MCS_CreateOrderService"/>
  <testcase name="verifyFieldsFortheSubServicetypeselelctedunderLANLINK" time="384.636" classname="com.saksoft.qa.testscripts.APT_MCS_CreateOrderService"/>
  <testcase name="enterdatafortheServiceSubtypeSelectedunderLANLINK" time="56.018" classname="com.saksoft.qa.testscripts.APT_MCS_CreateOrderService"/>
  <testcase name="successmessageforServicecreation" time="184.902" classname="com.saksoft.qa.testscripts.APT_MCS_CreateOrderService"/>
  <testcase name="editServiceSubtypesunderLANLINKservice" time="40.099" classname="com.saksoft.qa.testscripts.APT_MCS_CreateOrderService"/>
  <testcase name="synchronizeServiceSubtypeforLANLINKserviceunderviewservicepage" time="9.191" classname="com.saksoft.qa.testscripts.APT_MCS_CreateOrderService"/>
  <testcase name="showNewInfovistaReportunderviewservicepage" time="9.557" classname="com.saksoft.qa.testscripts.APT_MCS_CreateOrderService"/>
  <testcase name="manageServiceunderviewservicepage" time="12.741" classname="com.saksoft.qa.testscripts.APT_MCS_CreateOrderService"/>
  <testcase name="ManageSubnetsForlanlinkServiceunderviewservicepage" time="12.689" classname="com.saksoft.qa.testscripts.APT_MCS_CreateOrderService"/>
  <testcase name="verifyAddSiteOrderFieldsfortheServiceSubtypeSelectedunderLANLINK" time="58.245" classname="com.saksoft.qa.testscripts.APT_MCS_CreateOrderService"/>
  <testcase name="AddSiteOrderfortheServiceSubtypeSelectedunderLANLINK" time="45.832" classname="com.saksoft.qa.testscripts.APT_MCS_CreateOrderService"/>
  <testcase name="SuccessmessageforCreationofSiteOrder" time="3.456" classname="com.saksoft.qa.testscripts.APT_MCS_CreateOrderService"/>
  <testcase name="verifytheDataEnteredforAddSiteOrderfortheServiceSubtypeSelectedunderLANLINK" time="376.134" classname="com.saksoft.qa.testscripts.APT_MCS_CreateOrderService"/>
  <testcase name="ViewSiteOrderfortheServiceSubtypeSelectedunderLANLINK" time="74.598" classname="com.saksoft.qa.testscripts.APT_MCS_CreateOrderService"/>
  <testcase name="AdddeviceforEquipment" time="2807.508" classname="com.saksoft.qa.testscripts.APT_MCS_CreateOrderService"/>
  <testcase name="IntermediateEquipment" time="213.67" classname="com.saksoft.qa.testscripts.APT_MCS_CreateOrderService">
    <failure type="org.openqa.selenium.WebDriverException" message="unknown error: cannot focus element
  (Session info: chrome=78.0.3904.108)
  (Driver info: chromedriver=2.40.565498 (ea082db3280dd6843ebfb08a625e3eb905c4f5ab),platform=Windows NT 10.0.14393 x86_64) (WARNING: The server did not provide any stacktrace information)
Command duration or timeout: 27 milliseconds
Build info: version: &amp;apos;3.4.0&amp;apos;, revision: &amp;apos;unknown&amp;apos;, time: &amp;apos;unknown&amp;apos;
System info: host: &amp;apos;ULVMCTMTTL108&amp;apos;, ip: &amp;apos;10.100.19.58&amp;apos;, os.name: &amp;apos;Windows Server 2016&amp;apos;, os.arch: &amp;apos;amd64&amp;apos;, os.version: &amp;apos;10.0&amp;apos;, java.version: &amp;apos;1.8.0_221&amp;apos;
Driver info: org.openqa.selenium.chrome.ChromeDriver
Capabilities [{applicationCacheEnabled=false, rotatable=false, mobileEmulationEnabled=false, networkConnectionEnabled=false, chrome={chromedriverVersion=2.40.565498 (ea082db3280dd6843ebfb08a625e3eb905c4f5ab), userDataDir=C:\Users\SKATHI~1\AppData\Local\Temp\7\scoped_dir1308_18919}, takesHeapSnapshot=true, pageLoadStrategy=none, databaseEnabled=false, handlesAlerts=true, hasTouchScreen=false, version=78.0.3904.108, platform=XP, browserConnectionEnabled=false, nativeEvents=true, acceptSslCerts=false, acceptInsecureCerts=false, locationContextEnabled=true, webStorageEnabled=true, browserName=chrome, takesScreenshot=true, javascriptEnabled=true, cssSelectorsEnabled=true, setWindowRect=true, unexpectedAlertBehaviour=}]
Session ID: f759822bddee997a732e203f594cafac">
      <![CDATA[org.openqa.selenium.WebDriverException: unknown error: cannot focus element
  (Session info: chrome=78.0.3904.108)
  (Driver info: chromedriver=2.40.565498 (ea082db3280dd6843ebfb08a625e3eb905c4f5ab),platform=Windows NT 10.0.14393 x86_64) (WARNING: The server did not provide any stacktrace information)
Command duration or timeout: 27 milliseconds
Build info: version: '3.4.0', revision: 'unknown', time: 'unknown'
System info: host: 'ULVMCTMTTL108', ip: '10.100.19.58', os.name: 'Windows Server 2016', os.arch: 'amd64', os.version: '10.0', java.version: '1.8.0_221'
Driver info: org.openqa.selenium.chrome.ChromeDriver
Capabilities [{applicationCacheEnabled=false, rotatable=false, mobileEmulationEnabled=false, networkConnectionEnabled=false, chrome={chromedriverVersion=2.40.565498 (ea082db3280dd6843ebfb08a625e3eb905c4f5ab), userDataDir=C:\Users\SKATHI~1\AppData\Local\Temp\7\scoped_dir1308_18919}, takesHeapSnapshot=true, pageLoadStrategy=none, databaseEnabled=false, handlesAlerts=true, hasTouchScreen=false, version=78.0.3904.108, platform=XP, browserConnectionEnabled=false, nativeEvents=true, acceptSslCerts=false, acceptInsecureCerts=false, locationContextEnabled=true, webStorageEnabled=true, browserName=chrome, takesScreenshot=true, javascriptEnabled=true, cssSelectorsEnabled=true, setWindowRect=true, unexpectedAlertBehaviour=}]
Session ID: f759822bddee997a732e203f594cafac
	at sun.reflect.NativeConstructorAccessorImpl.newInstance0(Native Method)
	at sun.reflect.NativeConstructorAccessorImpl.newInstance(Unknown Source)
	at sun.reflect.DelegatingConstructorAccessorImpl.newInstance(Unknown Source)
	at java.lang.reflect.Constructor.newInstance(Unknown Source)
	at org.openqa.selenium.remote.ErrorHandler.createThrowable(ErrorHandler.java:215)
	at org.openqa.selenium.remote.ErrorHandler.throwIfResponseFailed(ErrorHandler.java:167)
	at org.openqa.selenium.remote.RemoteWebDriver.execute(RemoteWebDriver.java:671)
	at org.openqa.selenium.remote.RemoteWebElement.execute(RemoteWebElement.java:272)
	at org.openqa.selenium.remote.RemoteWebElement.sendKeys(RemoteWebElement.java:96)
	at com.saksoft.qa.driverlibrary.DriverHelper.SendKeys(DriverHelper.java:691)
	at com.saksoft.qa.scripthelpers.APT_MCS_CreateOrderServiceHelper.addCPEdeviceforIntermediateequipment(APT_MCS_CreateOrderServiceHelper.java:10649)
	at com.saksoft.qa.testscripts.APT_MCS_CreateOrderService.IntermediateEquipment(APT_MCS_CreateOrderService.java:538)
	at sun.reflect.NativeMethodAccessorImpl.invoke0(Native Method)
	at sun.reflect.NativeMethodAccessorImpl.invoke(Unknown Source)
	at sun.reflect.DelegatingMethodAccessorImpl.invoke(Unknown Source)
	at java.lang.reflect.Method.invoke(Unknown Source)
	at org.testng.internal.MethodInvocationHelper.invokeMethod(MethodInvocationHelper.java:84)
	at org.testng.internal.Invoker.invokeMethod(Invoker.java:714)
	at org.testng.internal.Invoker.invokeTestMethod(Invoker.java:901)
	at org.testng.internal.Invoker.invokeTestMethods(Invoker.java:1231)
	at org.testng.internal.TestMethodWorker.invokeTestMethods(TestMethodWorker.java:127)
	at org.testng.internal.TestMethodWorker.run(TestMethodWorker.java:111)
	at org.testng.TestRunner.privateRun(TestRunner.java:767)
	at org.testng.TestRunner.run(TestRunner.java:617)
	at org.testng.SuiteRunner.runTest(SuiteRunner.java:334)
	at org.testng.SuiteRunner.runSequentially(SuiteRunner.java:329)
	at org.testng.SuiteRunner.privateRun(SuiteRunner.java:291)
	at org.testng.SuiteRunner.run(SuiteRunner.java:240)
	at org.testng.SuiteRunnerWorker.runSuite(SuiteRunnerWorker.java:52)
	at org.testng.SuiteRunnerWorker.run(SuiteRunnerWorker.java:86)
	at org.testng.TestNG.runSuitesSequentially(TestNG.java:1224)
	at org.testng.TestNG.runSuitesLocally(TestNG.java:1149)
	at org.testng.TestNG.run(TestNG.java:1057)
	at org.testng.remote.AbstractRemoteTestNG.run(AbstractRemoteTestNG.java:132)
	at org.testng.remote.RemoteTestNG.initAndRun(RemoteTestNG.java:230)
	at org.testng.remote.RemoteTestNG.main(RemoteTestNG.java:76)
]]>
    </failure>
  </testcase> <!-- IntermediateEquipment -->
</testsuite> <!-- Default test -->
