<?xml version="1.0" encoding="UTF-8"?>
<!-- Generated by org.testng.reporters.JUnitXMLReporter -->
<testsuite hostname="dosysnet175" failures="2" tests="2" name="Orange End to End Order1" time="9.741" errors="0" timestamp="9 Oct 2019 12:11:11 GMT">
  <testcase classname="Testscript.HomePage" name="AdminTab" time="0.12">
    <failure type="java.lang.IllegalArgumentException" message="argument type mismatch">
      <![CDATA[java.lang.IllegalArgumentException: argument type mismatch
... Removed 24 stack frames]]>
    </failure>
  </testcase> <!-- AdminTab -->
  <testcase classname="Testscript.HomePage" name="AdminTab" time="1.011">
    <failure type="java.lang.NullPointerException">
      <![CDATA[java.lang.NullPointerException
	at Listners.TestListener.onTestFailure(TestListener.java:68)
... Removed 21 stack frames]]>
    </failure>
  </testcase> <!-- AdminTab -->
</testsuite> <!-- Orange End to End Order1 -->
