<?xml version="1.0" encoding="UTF-8"?>
<!-- Generated by org.testng.reporters.JUnitXMLReporter -->
<testsuite hostname="dosysnet174" failures="0" tests="8" name="APT" time="245.179" errors="0" timestamp="16 Nov 2019 11:24:38 GMT">
  <testcase classname="com.saksoft.qa.testscripts.APT_MCS_CreateCustomer" name="verifyCreateCustomerFields" time="11.532"/>
  <testcase classname="com.saksoft.qa.testscripts.APT_MCS_CreateCustomer" name="createCustomer_verifyFunctionality" time="24.835"/>
  <testcase classname="com.saksoft.qa.testscripts.APT_MCS_CreateCustomer" name="verifyCreatedCustomerDetailsInCustomerDetailsPage" time="23.025"/>
  <testcase classname="com.saksoft.qa.testscripts.APT_MCS_CreateCustomer" name="verifyDeleteCustomerFunctionality" time="26.054"/>
  <testcase classname="com.saksoft.qa.testscripts.APT_MCS_CreateCustomer" name="verifyAddUserFieldsUnderCreateCustomer" time="32.563"/>
  <testcase classname="com.saksoft.qa.testscripts.APT_MCS_CreateCustomer" name="verifyAddUserFunctionalityUnderCreateCustomer" time="55.252"/>
  <testcase classname="com.saksoft.qa.testscripts.APT_MCS_CreateCustomer" name="verifyAddedUserDetailsInViewUserPage" time="26.685"/>
  <testcase classname="com.saksoft.qa.testscripts.APT_MCS_CreateCustomer" name="verifyEditCustomerFields" time="32.283"/>
</testsuite> <!-- APT -->
