<?xml version="1.0" encoding="UTF-8"?>
<testng-results skipped="0" failed="1" total="18" passed="17">
  <reporter-output>
  </reporter-output>
  <suite name="Default suite" duration-ms="4393744" started-at="2019-12-08T11:43:15Z" finished-at="2019-12-08T12:56:29Z">
    <groups>
    </groups>
    <test name="Default test" duration-ms="4393744" started-at="2019-12-08T11:43:15Z" finished-at="2019-12-08T12:56:29Z">
      <class name="com.saksoft.qa.testscripts.APT_MCS_CreateOrderService">
        <test-method status="PASS" signature="BeforeSuite()[pri:0, instance:com.saksoft.qa.testscripts.APT_MCS_CreateOrderService@4520ebad]" name="BeforeSuite" is-config="true" duration-ms="1096" started-at="2019-12-08T11:43:14Z" finished-at="2019-12-08T11:43:15Z">
          <reporter-output>
          </reporter-output>
        </test-method> <!-- BeforeSuite -->
        <test-method status="PASS" signature="startReport()[pri:0, instance:com.saksoft.qa.testscripts.APT_MCS_CreateOrderService@4520ebad]" name="startReport" is-config="true" duration-ms="306" started-at="2019-12-08T11:43:15Z" finished-at="2019-12-08T11:43:15Z">
          <reporter-output>
          </reporter-output>
        </test-method> <!-- startReport -->
        <test-method status="PASS" signature="setup()[pri:0, instance:com.saksoft.qa.testscripts.APT_MCS_CreateOrderService@4520ebad]" name="setup" is-config="true" duration-ms="11078" started-at="2019-12-08T11:43:15Z" finished-at="2019-12-08T11:43:26Z">
          <reporter-output>
          </reporter-output>
        </test-method> <!-- setup -->
        <test-method status="PASS" signature="BeforeMethod(java.lang.reflect.Method, org.testng.ITestContext, [Ljava.lang.Object;)[pri:0, instance:com.saksoft.qa.testscripts.APT_MCS_CreateOrderService@4520ebad]" name="BeforeMethod" is-config="true" duration-ms="0" started-at="2019-12-08T11:43:29Z" finished-at="2019-12-08T11:43:29Z">
          <params>
            <param index="0">
              <value>
                <![CDATA[public void com.saksoft.qa.testscripts.APT_MCS_CreateOrderService.chooseCustomer(java.util.Map) throws java.lang.Exception]]>
              </value>
            </param>
            <param index="1">
              <value>
                <![CDATA[org.testng.TestRunner@6184628d]]>
              </value>
            </param>
            <param index="2">
              <value>
                <![CDATA[[Ljava.lang.Object;@46d68a97]]>
              </value>
            </param>
          </params>
          <reporter-output>
          </reporter-output>
        </test-method> <!-- BeforeMethod -->
        <test-method status="PASS" signature="chooseCustomer(java.util.Map)[pri:0, instance:com.saksoft.qa.testscripts.APT_MCS_CreateOrderService@4520ebad]" name="chooseCustomer" duration-ms="36457" started-at="2019-12-08T11:43:29Z" data-provider="DataReader_createService" finished-at="2019-12-08T11:44:05Z">
          <params>
            <param index="0">
              <value>
                <![CDATA[{Addnewlink_interfacename=Target Interface, serviceNumber=123456.0, EDIT_cpe_serialNumber=2125.0, EDIT_performReport=Follow Service, EDIT_cpe_linkLostForwarding=no, ENNI checkbox=yes, Customername=nh11, B_Endtechnology=MMSP, CSR_Name=test1, Snmpro_PE=12.0, EDIT_ProactiveMonitor=Follow Service, ServiceType=LANLink, cpe_Mediaselection=Type A, AggregateTraffic=yes, cpeintequip_city=India, EDIT_cpe_hexaSerialnumber=6.5854523E7, Edit_remark=remarks edited, cpe_poweralarm=AC, cpe_serialNumber=2125, Addnewlink_sourcedevice=source1, cpe_vender=AC, AutocreateService=yes, cloudserviceprovider=Microsoft Azure, EDIT_DCAenabledsite=yes, EDIT_Siteordernumber=1_AE_1030_123, cpeintequip_Mepid=1122, ChooseCustomerToBeSelected=nh11, protectforaddsiteorder=yes, Notification management=Retail, cpe_Mepid=5555, EDIT_smartmonitor=Follow Service, phone=9751235.0, EDIT_Serviecsubtype=Direct Fibre, nonterminationpoint=yes, cpeintequip_site=Site A, cpeintequip_country=AT (Austria), Addnewlink_sourceInterface=source2, Ordertype=new, smartmonitor=no, city=Primary, cpe_hexaSerialnumber=65854523, editInterfacepage_circuitId=UK_SE7_UNIT_A, editInterfacepage_BearerType=Type1, cpeintequip_poweralarm=AC, DCAenabledsite=yes, cpe_Macaddress=10.254.45.8, Edit_CircuitReference=infoNeeded, Edit_email=sanjeev@gmail.com, intermediateTechnology=Connection1, EDIT_siteallias=60Acres, Edit_deliveryChannel=Retail, email=sanjeev@gmail.com, Delivery channel for select tag=Retail, country_PE=AT (Austria), Edit_manageConnectiondropdown=IPC Based, cpeintequip_managementAddress=454, cpeintequip_Macaddress=45, Edit_B_Endtechnology=MMSP, Edit_AggregateTraffic=no, valuetobeselectedinorderdropdown=12345, EDIT_cpename=7705@uae.colt.net, A_Endtechnology=Atrica, devicenameForaddsiteorder=equip5, cpeintEquip_name=1542, site=no, cpeintequip_linkLostForwarding=Yes, cpeintequip_vender=AC, VendorModel_PE=Cisco 2611, Edit_A_Endtechnology=Atrica, Interfacetoselect_Interfacenumber=1, EDIT_cpe_snmpro=Public, Servicesubtype=Direct Fiber, xng city name=Brusel, performanceReportngForServices=yes, Address_PE=123.12.54.1, editInterfacepage_Vlanid=1054, country=AL (Albania), deleteDeviceforequipment=No, deliveryChannel=Retail, cpeintequip_hexaSerialnumber=65854523, servicetypeforverification=LAN Link, Proactivemonitor=no, Edit_Notification management=Reseller, cpe_linkLostForwarding=yes, endpointCPE=yes, PerformMonitor=yes, Siteordernumber=1_AE_1030_123, Edit_vpnTopology=Hub&Spoke, DSLMdevice=lookup1, deleteDeviceforIntermediateequipment=No, vpnTopology=Point-to-Point, EDIT_cpe_Mediaselection=Type A, EDIT_cpe_Mepid=1122.0, cpeintequip_premise=Premise I, EDIT_VLANid=10.25, city_PE=India, Addnewlink_targetdevice=targert1, EDIT_cpe_poweralarm=AC, Interfaceinservice_Interfacenumber=2, Addnewlink_targetInterface=target2, cpe_snmpro=Public, Edit_ENNI checkbox=yes, Edit_serviceNumber=546, ManagementOrder=9.0702251E7, EDIT_cpe_vender=AC, Modularmsp=no, CircuitReference=infoNeeded, VLANid=10.25, Edit_ManagementOrder=9.0702251E7, Interfacespeed=1GigE, EDIT_cpe_managementAddress=255.255.254.255, Edit_phone=9751235.0, siteallias=60Acres, xng ciy code=641602, Order/ContractNumber=16578.0, Edit_endpointCPE=yes, cpeintequip_Mediaselection=SFP-A with SFP-B, cpeintequip_serialNumber=2125, manageConnectiondropdown=IPC Based, site_PE=Site A, cpename=7705@uae.colt.net, remark=Workingfine, premise_PE=All, cpeintequip_snmpro=Public, Edit_CircuitType=Default, Edit_proactiveMonitor=yes, siteorder_Remark=New Order, Name_PE=101_Nettransfer, EDIT_cloudserviceprovider=Microsoft Azure, Select/Create device_PE=create, editInterfacepage_BearerSpeed=Type A, CircuitType=Composite Circuit, performReport=no, Addnewlink_Circuitid=Interface 1, EDIT_cpe_Macaddress=10.254.45.8, editInterfacepage_bandwidth=50gbps, IMS pop locations_PE=colt, technology=Atrica, cpe_managementAddress=255.255.254.254, proactiveMonitor=yes, Interfacename_forEditInterface=Client, sitevalue=Primary, editInterfacepage_vlantype=Type A, Edit_intermediateTechnology=Connection edited, Edit_PerformMonitor=yes}]]>
              </value>
            </param>
          </params>
          <reporter-output>
          </reporter-output>
        </test-method> <!-- chooseCustomer -->
        <test-method status="PASS" signature="getResult(org.testng.ITestResult)[pri:0, instance:com.saksoft.qa.testscripts.APT_MCS_CreateOrderService@4520ebad]" name="getResult" is-config="true" duration-ms="0" started-at="2019-12-08T11:44:05Z" finished-at="2019-12-08T11:44:05Z">
          <params>
            <param index="0">
              <value>
                <![CDATA[[TestResult name=chooseCustomer status=SUCCESS method=APT_MCS_CreateOrderService.chooseCustomer(java.util.Map)[pri:0, instance:com.saksoft.qa.testscripts.APT_MCS_CreateOrderService@4520ebad] output={null}]]]>
              </value>
            </param>
          </params>
          <reporter-output>
          </reporter-output>
        </test-method> <!-- getResult -->
        <test-method status="PASS" signature="BeforeMethod(java.lang.reflect.Method, org.testng.ITestContext, [Ljava.lang.Object;)[pri:0, instance:com.saksoft.qa.testscripts.APT_MCS_CreateOrderService@4520ebad]" name="BeforeMethod" is-config="true" duration-ms="1" started-at="2019-12-08T11:44:05Z" finished-at="2019-12-08T11:44:05Z">
          <params>
            <param index="0">
              <value>
                <![CDATA[public void com.saksoft.qa.testscripts.APT_MCS_CreateOrderService.verifyListofFieldsForOrderandServicetype(java.util.Map) throws java.lang.Exception]]>
              </value>
            </param>
            <param index="1">
              <value>
                <![CDATA[org.testng.TestRunner@6184628d]]>
              </value>
            </param>
            <param index="2">
              <value>
                <![CDATA[[Ljava.lang.Object;@3dc093b4]]>
              </value>
            </param>
          </params>
          <reporter-output>
          </reporter-output>
        </test-method> <!-- BeforeMethod -->
        <test-method status="PASS" signature="verifyListofFieldsForOrderandServicetype(java.util.Map)[pri:0, instance:com.saksoft.qa.testscripts.APT_MCS_CreateOrderService@4520ebad]" name="verifyListofFieldsForOrderandServicetype" duration-ms="42381" started-at="2019-12-08T11:44:05Z" data-provider="DataReader_createService" finished-at="2019-12-08T11:44:48Z">
          <params>
            <param index="0">
              <value>
                <![CDATA[{Addnewlink_interfacename=Target Interface, serviceNumber=123456.0, EDIT_cpe_serialNumber=2125.0, EDIT_performReport=Follow Service, EDIT_cpe_linkLostForwarding=no, ENNI checkbox=yes, Customername=nh11, B_Endtechnology=MMSP, CSR_Name=test1, Snmpro_PE=12.0, EDIT_ProactiveMonitor=Follow Service, ServiceType=LANLink, cpe_Mediaselection=Type A, AggregateTraffic=yes, cpeintequip_city=India, EDIT_cpe_hexaSerialnumber=6.5854523E7, Edit_remark=remarks edited, cpe_poweralarm=AC, cpe_serialNumber=2125, Addnewlink_sourcedevice=source1, cpe_vender=AC, AutocreateService=yes, cloudserviceprovider=Microsoft Azure, EDIT_DCAenabledsite=yes, EDIT_Siteordernumber=1_AE_1030_123, cpeintequip_Mepid=1122, ChooseCustomerToBeSelected=nh11, protectforaddsiteorder=yes, Notification management=Retail, cpe_Mepid=5555, EDIT_smartmonitor=Follow Service, phone=9751235.0, EDIT_Serviecsubtype=Direct Fibre, nonterminationpoint=yes, cpeintequip_site=Site A, cpeintequip_country=AT (Austria), Addnewlink_sourceInterface=source2, Ordertype=new, smartmonitor=no, city=Primary, cpe_hexaSerialnumber=65854523, editInterfacepage_circuitId=UK_SE7_UNIT_A, editInterfacepage_BearerType=Type1, cpeintequip_poweralarm=AC, DCAenabledsite=yes, cpe_Macaddress=10.254.45.8, Edit_CircuitReference=infoNeeded, Edit_email=sanjeev@gmail.com, intermediateTechnology=Connection1, EDIT_siteallias=60Acres, Edit_deliveryChannel=Retail, email=sanjeev@gmail.com, Delivery channel for select tag=Retail, country_PE=AT (Austria), Edit_manageConnectiondropdown=IPC Based, cpeintequip_managementAddress=454, cpeintequip_Macaddress=45, Edit_B_Endtechnology=MMSP, Edit_AggregateTraffic=no, valuetobeselectedinorderdropdown=12345, EDIT_cpename=7705@uae.colt.net, A_Endtechnology=Atrica, devicenameForaddsiteorder=equip5, cpeintEquip_name=1542, site=no, cpeintequip_linkLostForwarding=Yes, cpeintequip_vender=AC, VendorModel_PE=Cisco 2611, Edit_A_Endtechnology=Atrica, Interfacetoselect_Interfacenumber=1, EDIT_cpe_snmpro=Public, Servicesubtype=Direct Fiber, xng city name=Brusel, performanceReportngForServices=yes, Address_PE=123.12.54.1, editInterfacepage_Vlanid=1054, country=AL (Albania), deleteDeviceforequipment=No, deliveryChannel=Retail, cpeintequip_hexaSerialnumber=65854523, servicetypeforverification=LAN Link, Proactivemonitor=no, Edit_Notification management=Reseller, cpe_linkLostForwarding=yes, endpointCPE=yes, PerformMonitor=yes, Siteordernumber=1_AE_1030_123, Edit_vpnTopology=Hub&Spoke, DSLMdevice=lookup1, deleteDeviceforIntermediateequipment=No, vpnTopology=Point-to-Point, EDIT_cpe_Mediaselection=Type A, EDIT_cpe_Mepid=1122.0, cpeintequip_premise=Premise I, EDIT_VLANid=10.25, city_PE=India, Addnewlink_targetdevice=targert1, EDIT_cpe_poweralarm=AC, Interfaceinservice_Interfacenumber=2, Addnewlink_targetInterface=target2, cpe_snmpro=Public, Edit_ENNI checkbox=yes, Edit_serviceNumber=546, ManagementOrder=9.0702251E7, EDIT_cpe_vender=AC, Modularmsp=no, CircuitReference=infoNeeded, VLANid=10.25, Edit_ManagementOrder=9.0702251E7, Interfacespeed=1GigE, EDIT_cpe_managementAddress=255.255.254.255, Edit_phone=9751235.0, siteallias=60Acres, xng ciy code=641602, Order/ContractNumber=16578.0, Edit_endpointCPE=yes, cpeintequip_Mediaselection=SFP-A with SFP-B, cpeintequip_serialNumber=2125, manageConnectiondropdown=IPC Based, site_PE=Site A, cpename=7705@uae.colt.net, remark=Workingfine, premise_PE=All, cpeintequip_snmpro=Public, Edit_CircuitType=Default, Edit_proactiveMonitor=yes, siteorder_Remark=New Order, Name_PE=101_Nettransfer, EDIT_cloudserviceprovider=Microsoft Azure, Select/Create device_PE=create, editInterfacepage_BearerSpeed=Type A, CircuitType=Composite Circuit, performReport=no, Addnewlink_Circuitid=Interface 1, EDIT_cpe_Macaddress=10.254.45.8, editInterfacepage_bandwidth=50gbps, IMS pop locations_PE=colt, technology=Atrica, cpe_managementAddress=255.255.254.254, proactiveMonitor=yes, Interfacename_forEditInterface=Client, sitevalue=Primary, editInterfacepage_vlantype=Type A, Edit_intermediateTechnology=Connection edited, Edit_PerformMonitor=yes}]]>
              </value>
            </param>
          </params>
          <reporter-output>
          </reporter-output>
        </test-method> <!-- verifyListofFieldsForOrderandServicetype -->
        <test-method status="PASS" signature="getResult(org.testng.ITestResult)[pri:0, instance:com.saksoft.qa.testscripts.APT_MCS_CreateOrderService@4520ebad]" name="getResult" is-config="true" duration-ms="0" started-at="2019-12-08T11:44:48Z" finished-at="2019-12-08T11:44:48Z">
          <params>
            <param index="0">
              <value>
                <![CDATA[[TestResult name=verifyListofFieldsForOrderandServicetype status=SUCCESS method=APT_MCS_CreateOrderService.verifyListofFieldsForOrderandServicetype(java.util.Map)[pri:0, instance:com.saksoft.qa.testscripts.APT_MCS_CreateOrderService@4520ebad] output={null}]]]>
              </value>
            </param>
          </params>
          <reporter-output>
          </reporter-output>
        </test-method> <!-- getResult -->
        <test-method status="PASS" signature="BeforeMethod(java.lang.reflect.Method, org.testng.ITestContext, [Ljava.lang.Object;)[pri:0, instance:com.saksoft.qa.testscripts.APT_MCS_CreateOrderService@4520ebad]" name="BeforeMethod" is-config="true" duration-ms="0" started-at="2019-12-08T11:44:48Z" finished-at="2019-12-08T11:44:48Z">
          <params>
            <param index="0">
              <value>
                <![CDATA[public void com.saksoft.qa.testscripts.APT_MCS_CreateOrderService.selectTheServiceType(java.util.Map) throws java.lang.Exception]]>
              </value>
            </param>
            <param index="1">
              <value>
                <![CDATA[org.testng.TestRunner@6184628d]]>
              </value>
            </param>
            <param index="2">
              <value>
                <![CDATA[[Ljava.lang.Object;@6277a76]]>
              </value>
            </param>
          </params>
          <reporter-output>
          </reporter-output>
        </test-method> <!-- BeforeMethod -->
        <test-method status="PASS" signature="selectTheServiceType(java.util.Map)[pri:0, instance:com.saksoft.qa.testscripts.APT_MCS_CreateOrderService@4520ebad]" name="selectTheServiceType" duration-ms="8677" started-at="2019-12-08T11:44:48Z" data-provider="DataReader_createService" finished-at="2019-12-08T11:44:57Z">
          <params>
            <param index="0">
              <value>
                <![CDATA[{Addnewlink_interfacename=Target Interface, serviceNumber=123456.0, EDIT_cpe_serialNumber=2125.0, EDIT_performReport=Follow Service, EDIT_cpe_linkLostForwarding=no, ENNI checkbox=yes, Customername=nh11, B_Endtechnology=MMSP, CSR_Name=test1, Snmpro_PE=12.0, EDIT_ProactiveMonitor=Follow Service, ServiceType=LANLink, cpe_Mediaselection=Type A, AggregateTraffic=yes, cpeintequip_city=India, EDIT_cpe_hexaSerialnumber=6.5854523E7, Edit_remark=remarks edited, cpe_poweralarm=AC, cpe_serialNumber=2125, Addnewlink_sourcedevice=source1, cpe_vender=AC, AutocreateService=yes, cloudserviceprovider=Microsoft Azure, EDIT_DCAenabledsite=yes, EDIT_Siteordernumber=1_AE_1030_123, cpeintequip_Mepid=1122, ChooseCustomerToBeSelected=nh11, protectforaddsiteorder=yes, Notification management=Retail, cpe_Mepid=5555, EDIT_smartmonitor=Follow Service, phone=9751235.0, EDIT_Serviecsubtype=Direct Fibre, nonterminationpoint=yes, cpeintequip_site=Site A, cpeintequip_country=AT (Austria), Addnewlink_sourceInterface=source2, Ordertype=new, smartmonitor=no, city=Primary, cpe_hexaSerialnumber=65854523, editInterfacepage_circuitId=UK_SE7_UNIT_A, editInterfacepage_BearerType=Type1, cpeintequip_poweralarm=AC, DCAenabledsite=yes, cpe_Macaddress=10.254.45.8, Edit_CircuitReference=infoNeeded, Edit_email=sanjeev@gmail.com, intermediateTechnology=Connection1, EDIT_siteallias=60Acres, Edit_deliveryChannel=Retail, email=sanjeev@gmail.com, Delivery channel for select tag=Retail, country_PE=AT (Austria), Edit_manageConnectiondropdown=IPC Based, cpeintequip_managementAddress=454, cpeintequip_Macaddress=45, Edit_B_Endtechnology=MMSP, Edit_AggregateTraffic=no, valuetobeselectedinorderdropdown=12345, EDIT_cpename=7705@uae.colt.net, A_Endtechnology=Atrica, devicenameForaddsiteorder=equip5, cpeintEquip_name=1542, site=no, cpeintequip_linkLostForwarding=Yes, cpeintequip_vender=AC, VendorModel_PE=Cisco 2611, Edit_A_Endtechnology=Atrica, Interfacetoselect_Interfacenumber=1, EDIT_cpe_snmpro=Public, Servicesubtype=Direct Fiber, xng city name=Brusel, performanceReportngForServices=yes, Address_PE=123.12.54.1, editInterfacepage_Vlanid=1054, country=AL (Albania), deleteDeviceforequipment=No, deliveryChannel=Retail, cpeintequip_hexaSerialnumber=65854523, servicetypeforverification=LAN Link, Proactivemonitor=no, Edit_Notification management=Reseller, cpe_linkLostForwarding=yes, endpointCPE=yes, PerformMonitor=yes, Siteordernumber=1_AE_1030_123, Edit_vpnTopology=Hub&Spoke, DSLMdevice=lookup1, deleteDeviceforIntermediateequipment=No, vpnTopology=Point-to-Point, EDIT_cpe_Mediaselection=Type A, EDIT_cpe_Mepid=1122.0, cpeintequip_premise=Premise I, EDIT_VLANid=10.25, city_PE=India, Addnewlink_targetdevice=targert1, EDIT_cpe_poweralarm=AC, Interfaceinservice_Interfacenumber=2, Addnewlink_targetInterface=target2, cpe_snmpro=Public, Edit_ENNI checkbox=yes, Edit_serviceNumber=546, ManagementOrder=9.0702251E7, EDIT_cpe_vender=AC, Modularmsp=no, CircuitReference=infoNeeded, VLANid=10.25, Edit_ManagementOrder=9.0702251E7, Interfacespeed=1GigE, EDIT_cpe_managementAddress=255.255.254.255, Edit_phone=9751235.0, siteallias=60Acres, xng ciy code=641602, Order/ContractNumber=16578.0, Edit_endpointCPE=yes, cpeintequip_Mediaselection=SFP-A with SFP-B, cpeintequip_serialNumber=2125, manageConnectiondropdown=IPC Based, site_PE=Site A, cpename=7705@uae.colt.net, remark=Workingfine, premise_PE=All, cpeintequip_snmpro=Public, Edit_CircuitType=Default, Edit_proactiveMonitor=yes, siteorder_Remark=New Order, Name_PE=101_Nettransfer, EDIT_cloudserviceprovider=Microsoft Azure, Select/Create device_PE=create, editInterfacepage_BearerSpeed=Type A, CircuitType=Composite Circuit, performReport=no, Addnewlink_Circuitid=Interface 1, EDIT_cpe_Macaddress=10.254.45.8, editInterfacepage_bandwidth=50gbps, IMS pop locations_PE=colt, technology=Atrica, cpe_managementAddress=255.255.254.254, proactiveMonitor=yes, Interfacename_forEditInterface=Client, sitevalue=Primary, editInterfacepage_vlantype=Type A, Edit_intermediateTechnology=Connection edited, Edit_PerformMonitor=yes}]]>
              </value>
            </param>
          </params>
          <reporter-output>
          </reporter-output>
        </test-method> <!-- selectTheServiceType -->
        <test-method status="PASS" signature="getResult(org.testng.ITestResult)[pri:0, instance:com.saksoft.qa.testscripts.APT_MCS_CreateOrderService@4520ebad]" name="getResult" is-config="true" duration-ms="0" started-at="2019-12-08T11:44:57Z" finished-at="2019-12-08T11:44:57Z">
          <params>
            <param index="0">
              <value>
                <![CDATA[[TestResult name=selectTheServiceType status=SUCCESS method=APT_MCS_CreateOrderService.selectTheServiceType(java.util.Map)[pri:0, instance:com.saksoft.qa.testscripts.APT_MCS_CreateOrderService@4520ebad] output={null}]]]>
              </value>
            </param>
          </params>
          <reporter-output>
          </reporter-output>
        </test-method> <!-- getResult -->
        <test-method status="PASS" signature="verifyFieldsFortheSubServicetypeselelctedunderLANLINK(java.util.Map)[pri:0, instance:com.saksoft.qa.testscripts.APT_MCS_CreateOrderService@4520ebad]" name="verifyFieldsFortheSubServicetypeselelctedunderLANLINK" duration-ms="384636" started-at="2019-12-08T11:44:57Z" data-provider="DataReader_createService" finished-at="2019-12-08T11:51:21Z">
          <params>
            <param index="0">
              <value>
                <![CDATA[{Addnewlink_interfacename=Target Interface, serviceNumber=123456.0, EDIT_cpe_serialNumber=2125.0, EDIT_performReport=Follow Service, EDIT_cpe_linkLostForwarding=no, ENNI checkbox=yes, Customername=nh11, B_Endtechnology=MMSP, CSR_Name=test1, Snmpro_PE=12.0, EDIT_ProactiveMonitor=Follow Service, ServiceType=LANLink, cpe_Mediaselection=Type A, AggregateTraffic=yes, cpeintequip_city=India, EDIT_cpe_hexaSerialnumber=6.5854523E7, Edit_remark=remarks edited, cpe_poweralarm=AC, cpe_serialNumber=2125, Addnewlink_sourcedevice=source1, cpe_vender=AC, AutocreateService=yes, cloudserviceprovider=Microsoft Azure, EDIT_DCAenabledsite=yes, EDIT_Siteordernumber=1_AE_1030_123, cpeintequip_Mepid=1122, ChooseCustomerToBeSelected=nh11, protectforaddsiteorder=yes, Notification management=Retail, cpe_Mepid=5555, EDIT_smartmonitor=Follow Service, phone=9751235.0, EDIT_Serviecsubtype=Direct Fibre, nonterminationpoint=yes, cpeintequip_site=Site A, cpeintequip_country=AT (Austria), Addnewlink_sourceInterface=source2, Ordertype=new, smartmonitor=no, city=Primary, cpe_hexaSerialnumber=65854523, editInterfacepage_circuitId=UK_SE7_UNIT_A, editInterfacepage_BearerType=Type1, cpeintequip_poweralarm=AC, DCAenabledsite=yes, cpe_Macaddress=10.254.45.8, Edit_CircuitReference=infoNeeded, Edit_email=sanjeev@gmail.com, intermediateTechnology=Connection1, EDIT_siteallias=60Acres, Edit_deliveryChannel=Retail, email=sanjeev@gmail.com, Delivery channel for select tag=Retail, country_PE=AT (Austria), Edit_manageConnectiondropdown=IPC Based, cpeintequip_managementAddress=454, cpeintequip_Macaddress=45, Edit_B_Endtechnology=MMSP, Edit_AggregateTraffic=no, valuetobeselectedinorderdropdown=12345, EDIT_cpename=7705@uae.colt.net, A_Endtechnology=Atrica, devicenameForaddsiteorder=equip5, cpeintEquip_name=1542, site=no, cpeintequip_linkLostForwarding=Yes, cpeintequip_vender=AC, VendorModel_PE=Cisco 2611, Edit_A_Endtechnology=Atrica, Interfacetoselect_Interfacenumber=1, EDIT_cpe_snmpro=Public, Servicesubtype=Direct Fiber, xng city name=Brusel, performanceReportngForServices=yes, Address_PE=123.12.54.1, editInterfacepage_Vlanid=1054, country=AL (Albania), deleteDeviceforequipment=No, deliveryChannel=Retail, cpeintequip_hexaSerialnumber=65854523, servicetypeforverification=LAN Link, Proactivemonitor=no, Edit_Notification management=Reseller, cpe_linkLostForwarding=yes, endpointCPE=yes, PerformMonitor=yes, Siteordernumber=1_AE_1030_123, Edit_vpnTopology=Hub&Spoke, DSLMdevice=lookup1, deleteDeviceforIntermediateequipment=No, vpnTopology=Point-to-Point, EDIT_cpe_Mediaselection=Type A, EDIT_cpe_Mepid=1122.0, cpeintequip_premise=Premise I, EDIT_VLANid=10.25, city_PE=India, Addnewlink_targetdevice=targert1, EDIT_cpe_poweralarm=AC, Interfaceinservice_Interfacenumber=2, Addnewlink_targetInterface=target2, cpe_snmpro=Public, Edit_ENNI checkbox=yes, Edit_serviceNumber=546, ManagementOrder=9.0702251E7, EDIT_cpe_vender=AC, Modularmsp=no, CircuitReference=infoNeeded, VLANid=10.25, Edit_ManagementOrder=9.0702251E7, Interfacespeed=1GigE, EDIT_cpe_managementAddress=255.255.254.255, Edit_phone=9751235.0, siteallias=60Acres, xng ciy code=641602, Order/ContractNumber=16578.0, Edit_endpointCPE=yes, cpeintequip_Mediaselection=SFP-A with SFP-B, cpeintequip_serialNumber=2125, manageConnectiondropdown=IPC Based, site_PE=Site A, cpename=7705@uae.colt.net, remark=Workingfine, premise_PE=All, cpeintequip_snmpro=Public, Edit_CircuitType=Default, Edit_proactiveMonitor=yes, siteorder_Remark=New Order, Name_PE=101_Nettransfer, EDIT_cloudserviceprovider=Microsoft Azure, Select/Create device_PE=create, editInterfacepage_BearerSpeed=Type A, CircuitType=Composite Circuit, performReport=no, Addnewlink_Circuitid=Interface 1, EDIT_cpe_Macaddress=10.254.45.8, editInterfacepage_bandwidth=50gbps, IMS pop locations_PE=colt, technology=Atrica, cpe_managementAddress=255.255.254.254, proactiveMonitor=yes, Interfacename_forEditInterface=Client, sitevalue=Primary, editInterfacepage_vlantype=Type A, Edit_intermediateTechnology=Connection edited, Edit_PerformMonitor=yes}]]>
              </value>
            </param>
          </params>
          <reporter-output>
          </reporter-output>
        </test-method> <!-- verifyFieldsFortheSubServicetypeselelctedunderLANLINK -->
        <test-method status="PASS" signature="BeforeMethod(java.lang.reflect.Method, org.testng.ITestContext, [Ljava.lang.Object;)[pri:0, instance:com.saksoft.qa.testscripts.APT_MCS_CreateOrderService@4520ebad]" name="BeforeMethod" is-config="true" duration-ms="0" started-at="2019-12-08T11:44:57Z" finished-at="2019-12-08T11:44:57Z">
          <params>
            <param index="0">
              <value>
                <![CDATA[public void com.saksoft.qa.testscripts.APT_MCS_CreateOrderService.verifyFieldsFortheSubServicetypeselelctedunderLANLINK(java.util.Map) throws java.lang.Exception]]>
              </value>
            </param>
            <param index="1">
              <value>
                <![CDATA[org.testng.TestRunner@6184628d]]>
              </value>
            </param>
            <param index="2">
              <value>
                <![CDATA[[Ljava.lang.Object;@4475e035]]>
              </value>
            </param>
          </params>
          <reporter-output>
          </reporter-output>
        </test-method> <!-- BeforeMethod -->
        <test-method status="PASS" signature="getResult(org.testng.ITestResult)[pri:0, instance:com.saksoft.qa.testscripts.APT_MCS_CreateOrderService@4520ebad]" name="getResult" is-config="true" duration-ms="0" started-at="2019-12-08T11:51:21Z" finished-at="2019-12-08T11:51:21Z">
          <params>
            <param index="0">
              <value>
                <![CDATA[[TestResult name=verifyFieldsFortheSubServicetypeselelctedunderLANLINK status=SUCCESS method=APT_MCS_CreateOrderService.verifyFieldsFortheSubServicetypeselelctedunderLANLINK(java.util.Map)[pri:0, instance:com.saksoft.qa.testscripts.APT_MCS_CreateOrderService@4520ebad] output={null}]]]>
              </value>
            </param>
          </params>
          <reporter-output>
          </reporter-output>
        </test-method> <!-- getResult -->
        <test-method status="PASS" signature="enterdatafortheServiceSubtypeSelectedunderLANLINK(java.util.Map)[pri:0, instance:com.saksoft.qa.testscripts.APT_MCS_CreateOrderService@4520ebad]" name="enterdatafortheServiceSubtypeSelectedunderLANLINK" duration-ms="56018" started-at="2019-12-08T11:51:22Z" data-provider="DataReader_createService" finished-at="2019-12-08T11:52:18Z">
          <params>
            <param index="0">
              <value>
                <![CDATA[{Addnewlink_interfacename=Target Interface, serviceNumber=123456.0, EDIT_cpe_serialNumber=2125.0, EDIT_performReport=Follow Service, EDIT_cpe_linkLostForwarding=no, ENNI checkbox=yes, Customername=nh11, B_Endtechnology=MMSP, CSR_Name=test1, Snmpro_PE=12.0, EDIT_ProactiveMonitor=Follow Service, ServiceType=LANLink, cpe_Mediaselection=Type A, AggregateTraffic=yes, cpeintequip_city=India, EDIT_cpe_hexaSerialnumber=6.5854523E7, Edit_remark=remarks edited, cpe_poweralarm=AC, cpe_serialNumber=2125, Addnewlink_sourcedevice=source1, cpe_vender=AC, AutocreateService=yes, cloudserviceprovider=Microsoft Azure, EDIT_DCAenabledsite=yes, EDIT_Siteordernumber=1_AE_1030_123, cpeintequip_Mepid=1122, ChooseCustomerToBeSelected=nh11, protectforaddsiteorder=yes, Notification management=Retail, cpe_Mepid=5555, EDIT_smartmonitor=Follow Service, phone=9751235.0, EDIT_Serviecsubtype=Direct Fibre, nonterminationpoint=yes, cpeintequip_site=Site A, cpeintequip_country=AT (Austria), Addnewlink_sourceInterface=source2, Ordertype=new, smartmonitor=no, city=Primary, cpe_hexaSerialnumber=65854523, editInterfacepage_circuitId=UK_SE7_UNIT_A, editInterfacepage_BearerType=Type1, cpeintequip_poweralarm=AC, DCAenabledsite=yes, cpe_Macaddress=10.254.45.8, Edit_CircuitReference=infoNeeded, Edit_email=sanjeev@gmail.com, intermediateTechnology=Connection1, EDIT_siteallias=60Acres, Edit_deliveryChannel=Retail, email=sanjeev@gmail.com, Delivery channel for select tag=Retail, country_PE=AT (Austria), Edit_manageConnectiondropdown=IPC Based, cpeintequip_managementAddress=454, cpeintequip_Macaddress=45, Edit_B_Endtechnology=MMSP, Edit_AggregateTraffic=no, valuetobeselectedinorderdropdown=12345, EDIT_cpename=7705@uae.colt.net, A_Endtechnology=Atrica, devicenameForaddsiteorder=equip5, cpeintEquip_name=1542, site=no, cpeintequip_linkLostForwarding=Yes, cpeintequip_vender=AC, VendorModel_PE=Cisco 2611, Edit_A_Endtechnology=Atrica, Interfacetoselect_Interfacenumber=1, EDIT_cpe_snmpro=Public, Servicesubtype=Direct Fiber, xng city name=Brusel, performanceReportngForServices=yes, Address_PE=123.12.54.1, editInterfacepage_Vlanid=1054, country=AL (Albania), deleteDeviceforequipment=No, deliveryChannel=Retail, cpeintequip_hexaSerialnumber=65854523, servicetypeforverification=LAN Link, Proactivemonitor=no, Edit_Notification management=Reseller, cpe_linkLostForwarding=yes, endpointCPE=yes, PerformMonitor=yes, Siteordernumber=1_AE_1030_123, Edit_vpnTopology=Hub&Spoke, DSLMdevice=lookup1, deleteDeviceforIntermediateequipment=No, vpnTopology=Point-to-Point, EDIT_cpe_Mediaselection=Type A, EDIT_cpe_Mepid=1122.0, cpeintequip_premise=Premise I, EDIT_VLANid=10.25, city_PE=India, Addnewlink_targetdevice=targert1, EDIT_cpe_poweralarm=AC, Interfaceinservice_Interfacenumber=2, Addnewlink_targetInterface=target2, cpe_snmpro=Public, Edit_ENNI checkbox=yes, Edit_serviceNumber=546, ManagementOrder=9.0702251E7, EDIT_cpe_vender=AC, Modularmsp=no, CircuitReference=infoNeeded, VLANid=10.25, Edit_ManagementOrder=9.0702251E7, Interfacespeed=1GigE, EDIT_cpe_managementAddress=255.255.254.255, Edit_phone=9751235.0, siteallias=60Acres, xng ciy code=641602, Order/ContractNumber=16578.0, Edit_endpointCPE=yes, cpeintequip_Mediaselection=SFP-A with SFP-B, cpeintequip_serialNumber=2125, manageConnectiondropdown=IPC Based, site_PE=Site A, cpename=7705@uae.colt.net, remark=Workingfine, premise_PE=All, cpeintequip_snmpro=Public, Edit_CircuitType=Default, Edit_proactiveMonitor=yes, siteorder_Remark=New Order, Name_PE=101_Nettransfer, EDIT_cloudserviceprovider=Microsoft Azure, Select/Create device_PE=create, editInterfacepage_BearerSpeed=Type A, CircuitType=Composite Circuit, performReport=no, Addnewlink_Circuitid=Interface 1, EDIT_cpe_Macaddress=10.254.45.8, editInterfacepage_bandwidth=50gbps, IMS pop locations_PE=colt, technology=Atrica, cpe_managementAddress=255.255.254.254, proactiveMonitor=yes, Interfacename_forEditInterface=Client, sitevalue=Primary, editInterfacepage_vlantype=Type A, Edit_intermediateTechnology=Connection edited, Edit_PerformMonitor=yes}]]>
              </value>
            </param>
          </params>
          <reporter-output>
          </reporter-output>
        </test-method> <!-- enterdatafortheServiceSubtypeSelectedunderLANLINK -->
        <test-method status="PASS" signature="BeforeMethod(java.lang.reflect.Method, org.testng.ITestContext, [Ljava.lang.Object;)[pri:0, instance:com.saksoft.qa.testscripts.APT_MCS_CreateOrderService@4520ebad]" name="BeforeMethod" is-config="true" duration-ms="0" started-at="2019-12-08T11:51:22Z" finished-at="2019-12-08T11:51:22Z">
          <params>
            <param index="0">
              <value>
                <![CDATA[public void com.saksoft.qa.testscripts.APT_MCS_CreateOrderService.enterdatafortheServiceSubtypeSelectedunderLANLINK(java.util.Map) throws java.lang.Exception]]>
              </value>
            </param>
            <param index="1">
              <value>
                <![CDATA[org.testng.TestRunner@6184628d]]>
              </value>
            </param>
            <param index="2">
              <value>
                <![CDATA[[Ljava.lang.Object;@3685481e]]>
              </value>
            </param>
          </params>
          <reporter-output>
          </reporter-output>
        </test-method> <!-- BeforeMethod -->
        <test-method status="PASS" signature="getResult(org.testng.ITestResult)[pri:0, instance:com.saksoft.qa.testscripts.APT_MCS_CreateOrderService@4520ebad]" name="getResult" is-config="true" duration-ms="0" started-at="2019-12-08T11:52:18Z" finished-at="2019-12-08T11:52:18Z">
          <params>
            <param index="0">
              <value>
                <![CDATA[[TestResult name=enterdatafortheServiceSubtypeSelectedunderLANLINK status=SUCCESS method=APT_MCS_CreateOrderService.enterdatafortheServiceSubtypeSelectedunderLANLINK(java.util.Map)[pri:0, instance:com.saksoft.qa.testscripts.APT_MCS_CreateOrderService@4520ebad] output={null}]]]>
              </value>
            </param>
          </params>
          <reporter-output>
          </reporter-output>
        </test-method> <!-- getResult -->
        <test-method status="PASS" signature="successmessageforServicecreation(java.util.Map)[pri:0, instance:com.saksoft.qa.testscripts.APT_MCS_CreateOrderService@4520ebad]" name="successmessageforServicecreation" duration-ms="184902" started-at="2019-12-08T11:52:18Z" data-provider="DataReader_createService" finished-at="2019-12-08T11:55:23Z">
          <params>
            <param index="0">
              <value>
                <![CDATA[{Addnewlink_interfacename=Target Interface, serviceNumber=123456.0, EDIT_cpe_serialNumber=2125.0, EDIT_performReport=Follow Service, EDIT_cpe_linkLostForwarding=no, ENNI checkbox=yes, Customername=nh11, B_Endtechnology=MMSP, CSR_Name=test1, Snmpro_PE=12.0, EDIT_ProactiveMonitor=Follow Service, ServiceType=LANLink, cpe_Mediaselection=Type A, AggregateTraffic=yes, cpeintequip_city=India, EDIT_cpe_hexaSerialnumber=6.5854523E7, Edit_remark=remarks edited, cpe_poweralarm=AC, cpe_serialNumber=2125, Addnewlink_sourcedevice=source1, cpe_vender=AC, AutocreateService=yes, cloudserviceprovider=Microsoft Azure, EDIT_DCAenabledsite=yes, EDIT_Siteordernumber=1_AE_1030_123, cpeintequip_Mepid=1122, ChooseCustomerToBeSelected=nh11, protectforaddsiteorder=yes, Notification management=Retail, cpe_Mepid=5555, EDIT_smartmonitor=Follow Service, phone=9751235.0, EDIT_Serviecsubtype=Direct Fibre, nonterminationpoint=yes, cpeintequip_site=Site A, cpeintequip_country=AT (Austria), Addnewlink_sourceInterface=source2, Ordertype=new, smartmonitor=no, city=Primary, cpe_hexaSerialnumber=65854523, editInterfacepage_circuitId=UK_SE7_UNIT_A, editInterfacepage_BearerType=Type1, cpeintequip_poweralarm=AC, DCAenabledsite=yes, cpe_Macaddress=10.254.45.8, Edit_CircuitReference=infoNeeded, Edit_email=sanjeev@gmail.com, intermediateTechnology=Connection1, EDIT_siteallias=60Acres, Edit_deliveryChannel=Retail, email=sanjeev@gmail.com, Delivery channel for select tag=Retail, country_PE=AT (Austria), Edit_manageConnectiondropdown=IPC Based, cpeintequip_managementAddress=454, cpeintequip_Macaddress=45, Edit_B_Endtechnology=MMSP, Edit_AggregateTraffic=no, valuetobeselectedinorderdropdown=12345, EDIT_cpename=7705@uae.colt.net, A_Endtechnology=Atrica, devicenameForaddsiteorder=equip5, cpeintEquip_name=1542, site=no, cpeintequip_linkLostForwarding=Yes, cpeintequip_vender=AC, VendorModel_PE=Cisco 2611, Edit_A_Endtechnology=Atrica, Interfacetoselect_Interfacenumber=1, EDIT_cpe_snmpro=Public, Servicesubtype=Direct Fiber, xng city name=Brusel, performanceReportngForServices=yes, Address_PE=123.12.54.1, editInterfacepage_Vlanid=1054, country=AL (Albania), deleteDeviceforequipment=No, deliveryChannel=Retail, cpeintequip_hexaSerialnumber=65854523, servicetypeforverification=LAN Link, Proactivemonitor=no, Edit_Notification management=Reseller, cpe_linkLostForwarding=yes, endpointCPE=yes, PerformMonitor=yes, Siteordernumber=1_AE_1030_123, Edit_vpnTopology=Hub&Spoke, DSLMdevice=lookup1, deleteDeviceforIntermediateequipment=No, vpnTopology=Point-to-Point, EDIT_cpe_Mediaselection=Type A, EDIT_cpe_Mepid=1122.0, cpeintequip_premise=Premise I, EDIT_VLANid=10.25, city_PE=India, Addnewlink_targetdevice=targert1, EDIT_cpe_poweralarm=AC, Interfaceinservice_Interfacenumber=2, Addnewlink_targetInterface=target2, cpe_snmpro=Public, Edit_ENNI checkbox=yes, Edit_serviceNumber=546, ManagementOrder=9.0702251E7, EDIT_cpe_vender=AC, Modularmsp=no, CircuitReference=infoNeeded, VLANid=10.25, Edit_ManagementOrder=9.0702251E7, Interfacespeed=1GigE, EDIT_cpe_managementAddress=255.255.254.255, Edit_phone=9751235.0, siteallias=60Acres, xng ciy code=641602, Order/ContractNumber=16578.0, Edit_endpointCPE=yes, cpeintequip_Mediaselection=SFP-A with SFP-B, cpeintequip_serialNumber=2125, manageConnectiondropdown=IPC Based, site_PE=Site A, cpename=7705@uae.colt.net, remark=Workingfine, premise_PE=All, cpeintequip_snmpro=Public, Edit_CircuitType=Default, Edit_proactiveMonitor=yes, siteorder_Remark=New Order, Name_PE=101_Nettransfer, EDIT_cloudserviceprovider=Microsoft Azure, Select/Create device_PE=create, editInterfacepage_BearerSpeed=Type A, CircuitType=Composite Circuit, performReport=no, Addnewlink_Circuitid=Interface 1, EDIT_cpe_Macaddress=10.254.45.8, editInterfacepage_bandwidth=50gbps, IMS pop locations_PE=colt, technology=Atrica, cpe_managementAddress=255.255.254.254, proactiveMonitor=yes, Interfacename_forEditInterface=Client, sitevalue=Primary, editInterfacepage_vlantype=Type A, Edit_intermediateTechnology=Connection edited, Edit_PerformMonitor=yes}]]>
              </value>
            </param>
          </params>
          <reporter-output>
          </reporter-output>
        </test-method> <!-- successmessageforServicecreation -->
        <test-method status="PASS" signature="BeforeMethod(java.lang.reflect.Method, org.testng.ITestContext, [Ljava.lang.Object;)[pri:0, instance:com.saksoft.qa.testscripts.APT_MCS_CreateOrderService@4520ebad]" name="BeforeMethod" is-config="true" duration-ms="0" started-at="2019-12-08T11:52:18Z" finished-at="2019-12-08T11:52:18Z">
          <params>
            <param index="0">
              <value>
                <![CDATA[public void com.saksoft.qa.testscripts.APT_MCS_CreateOrderService.successmessageforServicecreation(java.util.Map) throws java.lang.Exception]]>
              </value>
            </param>
            <param index="1">
              <value>
                <![CDATA[org.testng.TestRunner@6184628d]]>
              </value>
            </param>
            <param index="2">
              <value>
                <![CDATA[[Ljava.lang.Object;@fe13049]]>
              </value>
            </param>
          </params>
          <reporter-output>
          </reporter-output>
        </test-method> <!-- BeforeMethod -->
        <test-method status="PASS" signature="getResult(org.testng.ITestResult)[pri:0, instance:com.saksoft.qa.testscripts.APT_MCS_CreateOrderService@4520ebad]" name="getResult" is-config="true" duration-ms="1" started-at="2019-12-08T11:55:23Z" finished-at="2019-12-08T11:55:23Z">
          <params>
            <param index="0">
              <value>
                <![CDATA[[TestResult name=successmessageforServicecreation status=SUCCESS method=APT_MCS_CreateOrderService.successmessageforServicecreation(java.util.Map)[pri:0, instance:com.saksoft.qa.testscripts.APT_MCS_CreateOrderService@4520ebad] output={null}]]]>
              </value>
            </param>
          </params>
          <reporter-output>
          </reporter-output>
        </test-method> <!-- getResult -->
        <test-method status="PASS" signature="editServiceSubtypesunderLANLINKservice(java.util.Map)[pri:0, instance:com.saksoft.qa.testscripts.APT_MCS_CreateOrderService@4520ebad]" name="editServiceSubtypesunderLANLINKservice" duration-ms="40099" started-at="2019-12-08T11:55:23Z" data-provider="DataReader_createService" finished-at="2019-12-08T11:56:03Z">
          <params>
            <param index="0">
              <value>
                <![CDATA[{Addnewlink_interfacename=Target Interface, serviceNumber=123456.0, EDIT_cpe_serialNumber=2125.0, EDIT_performReport=Follow Service, EDIT_cpe_linkLostForwarding=no, ENNI checkbox=yes, Customername=nh11, B_Endtechnology=MMSP, CSR_Name=test1, Snmpro_PE=12.0, EDIT_ProactiveMonitor=Follow Service, ServiceType=LANLink, cpe_Mediaselection=Type A, AggregateTraffic=yes, cpeintequip_city=India, EDIT_cpe_hexaSerialnumber=6.5854523E7, Edit_remark=remarks edited, cpe_poweralarm=AC, cpe_serialNumber=2125, Addnewlink_sourcedevice=source1, cpe_vender=AC, AutocreateService=yes, cloudserviceprovider=Microsoft Azure, EDIT_DCAenabledsite=yes, EDIT_Siteordernumber=1_AE_1030_123, cpeintequip_Mepid=1122, ChooseCustomerToBeSelected=nh11, protectforaddsiteorder=yes, Notification management=Retail, cpe_Mepid=5555, EDIT_smartmonitor=Follow Service, phone=9751235.0, EDIT_Serviecsubtype=Direct Fibre, nonterminationpoint=yes, cpeintequip_site=Site A, cpeintequip_country=AT (Austria), Addnewlink_sourceInterface=source2, Ordertype=new, smartmonitor=no, city=Primary, cpe_hexaSerialnumber=65854523, editInterfacepage_circuitId=UK_SE7_UNIT_A, editInterfacepage_BearerType=Type1, cpeintequip_poweralarm=AC, DCAenabledsite=yes, cpe_Macaddress=10.254.45.8, Edit_CircuitReference=infoNeeded, Edit_email=sanjeev@gmail.com, intermediateTechnology=Connection1, EDIT_siteallias=60Acres, Edit_deliveryChannel=Retail, email=sanjeev@gmail.com, Delivery channel for select tag=Retail, country_PE=AT (Austria), Edit_manageConnectiondropdown=IPC Based, cpeintequip_managementAddress=454, cpeintequip_Macaddress=45, Edit_B_Endtechnology=MMSP, Edit_AggregateTraffic=no, valuetobeselectedinorderdropdown=12345, EDIT_cpename=7705@uae.colt.net, A_Endtechnology=Atrica, devicenameForaddsiteorder=equip5, cpeintEquip_name=1542, site=no, cpeintequip_linkLostForwarding=Yes, cpeintequip_vender=AC, VendorModel_PE=Cisco 2611, Edit_A_Endtechnology=Atrica, Interfacetoselect_Interfacenumber=1, EDIT_cpe_snmpro=Public, Servicesubtype=Direct Fiber, xng city name=Brusel, performanceReportngForServices=yes, Address_PE=123.12.54.1, editInterfacepage_Vlanid=1054, country=AL (Albania), deleteDeviceforequipment=No, deliveryChannel=Retail, cpeintequip_hexaSerialnumber=65854523, servicetypeforverification=LAN Link, Proactivemonitor=no, Edit_Notification management=Reseller, cpe_linkLostForwarding=yes, endpointCPE=yes, PerformMonitor=yes, Siteordernumber=1_AE_1030_123, Edit_vpnTopology=Hub&Spoke, DSLMdevice=lookup1, deleteDeviceforIntermediateequipment=No, vpnTopology=Point-to-Point, EDIT_cpe_Mediaselection=Type A, EDIT_cpe_Mepid=1122.0, cpeintequip_premise=Premise I, EDIT_VLANid=10.25, city_PE=India, Addnewlink_targetdevice=targert1, EDIT_cpe_poweralarm=AC, Interfaceinservice_Interfacenumber=2, Addnewlink_targetInterface=target2, cpe_snmpro=Public, Edit_ENNI checkbox=yes, Edit_serviceNumber=546, ManagementOrder=9.0702251E7, EDIT_cpe_vender=AC, Modularmsp=no, CircuitReference=infoNeeded, VLANid=10.25, Edit_ManagementOrder=9.0702251E7, Interfacespeed=1GigE, EDIT_cpe_managementAddress=255.255.254.255, Edit_phone=9751235.0, siteallias=60Acres, xng ciy code=641602, Order/ContractNumber=16578.0, Edit_endpointCPE=yes, cpeintequip_Mediaselection=SFP-A with SFP-B, cpeintequip_serialNumber=2125, manageConnectiondropdown=IPC Based, site_PE=Site A, cpename=7705@uae.colt.net, remark=Workingfine, premise_PE=All, cpeintequip_snmpro=Public, Edit_CircuitType=Default, Edit_proactiveMonitor=yes, siteorder_Remark=New Order, Name_PE=101_Nettransfer, EDIT_cloudserviceprovider=Microsoft Azure, Select/Create device_PE=create, editInterfacepage_BearerSpeed=Type A, CircuitType=Composite Circuit, performReport=no, Addnewlink_Circuitid=Interface 1, EDIT_cpe_Macaddress=10.254.45.8, editInterfacepage_bandwidth=50gbps, IMS pop locations_PE=colt, technology=Atrica, cpe_managementAddress=255.255.254.254, proactiveMonitor=yes, Interfacename_forEditInterface=Client, sitevalue=Primary, editInterfacepage_vlantype=Type A, Edit_intermediateTechnology=Connection edited, Edit_PerformMonitor=yes}]]>
              </value>
            </param>
          </params>
          <reporter-output>
          </reporter-output>
        </test-method> <!-- editServiceSubtypesunderLANLINKservice -->
        <test-method status="PASS" signature="BeforeMethod(java.lang.reflect.Method, org.testng.ITestContext, [Ljava.lang.Object;)[pri:0, instance:com.saksoft.qa.testscripts.APT_MCS_CreateOrderService@4520ebad]" name="BeforeMethod" is-config="true" duration-ms="0" started-at="2019-12-08T11:55:23Z" finished-at="2019-12-08T11:55:23Z">
          <params>
            <param index="0">
              <value>
                <![CDATA[public void com.saksoft.qa.testscripts.APT_MCS_CreateOrderService.editServiceSubtypesunderLANLINKservice(java.util.Map) throws java.lang.Exception]]>
              </value>
            </param>
            <param index="1">
              <value>
                <![CDATA[org.testng.TestRunner@6184628d]]>
              </value>
            </param>
            <param index="2">
              <value>
                <![CDATA[[Ljava.lang.Object;@32281f09]]>
              </value>
            </param>
          </params>
          <reporter-output>
          </reporter-output>
        </test-method> <!-- BeforeMethod -->
        <test-method status="PASS" signature="getResult(org.testng.ITestResult)[pri:0, instance:com.saksoft.qa.testscripts.APT_MCS_CreateOrderService@4520ebad]" name="getResult" is-config="true" duration-ms="0" started-at="2019-12-08T11:56:03Z" finished-at="2019-12-08T11:56:03Z">
          <params>
            <param index="0">
              <value>
                <![CDATA[[TestResult name=editServiceSubtypesunderLANLINKservice status=SUCCESS method=APT_MCS_CreateOrderService.editServiceSubtypesunderLANLINKservice(java.util.Map)[pri:0, instance:com.saksoft.qa.testscripts.APT_MCS_CreateOrderService@4520ebad] output={null}]]]>
              </value>
            </param>
          </params>
          <reporter-output>
          </reporter-output>
        </test-method> <!-- getResult -->
        <test-method status="PASS" signature="BeforeMethod(java.lang.reflect.Method, org.testng.ITestContext, [Ljava.lang.Object;)[pri:0, instance:com.saksoft.qa.testscripts.APT_MCS_CreateOrderService@4520ebad]" name="BeforeMethod" is-config="true" duration-ms="0" started-at="2019-12-08T11:56:03Z" finished-at="2019-12-08T11:56:03Z">
          <params>
            <param index="0">
              <value>
                <![CDATA[public void com.saksoft.qa.testscripts.APT_MCS_CreateOrderService.synchronizeServiceSubtypeforLANLINKserviceunderviewservicepage(java.util.Map) throws java.lang.Exception]]>
              </value>
            </param>
            <param index="1">
              <value>
                <![CDATA[org.testng.TestRunner@6184628d]]>
              </value>
            </param>
            <param index="2">
              <value>
                <![CDATA[[Ljava.lang.Object;@59373531]]>
              </value>
            </param>
          </params>
          <reporter-output>
          </reporter-output>
        </test-method> <!-- BeforeMethod -->
        <test-method status="PASS" signature="synchronizeServiceSubtypeforLANLINKserviceunderviewservicepage(java.util.Map)[pri:0, instance:com.saksoft.qa.testscripts.APT_MCS_CreateOrderService@4520ebad]" name="synchronizeServiceSubtypeforLANLINKserviceunderviewservicepage" duration-ms="9191" started-at="2019-12-08T11:56:03Z" data-provider="DataReader_createService" finished-at="2019-12-08T11:56:12Z">
          <params>
            <param index="0">
              <value>
                <![CDATA[{Addnewlink_interfacename=Target Interface, serviceNumber=123456.0, EDIT_cpe_serialNumber=2125.0, EDIT_performReport=Follow Service, EDIT_cpe_linkLostForwarding=no, ENNI checkbox=yes, Customername=nh11, B_Endtechnology=MMSP, CSR_Name=test1, Snmpro_PE=12.0, EDIT_ProactiveMonitor=Follow Service, ServiceType=LANLink, cpe_Mediaselection=Type A, AggregateTraffic=yes, cpeintequip_city=India, EDIT_cpe_hexaSerialnumber=6.5854523E7, Edit_remark=remarks edited, cpe_poweralarm=AC, cpe_serialNumber=2125, Addnewlink_sourcedevice=source1, cpe_vender=AC, AutocreateService=yes, cloudserviceprovider=Microsoft Azure, EDIT_DCAenabledsite=yes, EDIT_Siteordernumber=1_AE_1030_123, cpeintequip_Mepid=1122, ChooseCustomerToBeSelected=nh11, protectforaddsiteorder=yes, Notification management=Retail, cpe_Mepid=5555, EDIT_smartmonitor=Follow Service, phone=9751235.0, EDIT_Serviecsubtype=Direct Fibre, nonterminationpoint=yes, cpeintequip_site=Site A, cpeintequip_country=AT (Austria), Addnewlink_sourceInterface=source2, Ordertype=new, smartmonitor=no, city=Primary, cpe_hexaSerialnumber=65854523, editInterfacepage_circuitId=UK_SE7_UNIT_A, editInterfacepage_BearerType=Type1, cpeintequip_poweralarm=AC, DCAenabledsite=yes, cpe_Macaddress=10.254.45.8, Edit_CircuitReference=infoNeeded, Edit_email=sanjeev@gmail.com, intermediateTechnology=Connection1, EDIT_siteallias=60Acres, Edit_deliveryChannel=Retail, email=sanjeev@gmail.com, Delivery channel for select tag=Retail, country_PE=AT (Austria), Edit_manageConnectiondropdown=IPC Based, cpeintequip_managementAddress=454, cpeintequip_Macaddress=45, Edit_B_Endtechnology=MMSP, Edit_AggregateTraffic=no, valuetobeselectedinorderdropdown=12345, EDIT_cpename=7705@uae.colt.net, A_Endtechnology=Atrica, devicenameForaddsiteorder=equip5, cpeintEquip_name=1542, site=no, cpeintequip_linkLostForwarding=Yes, cpeintequip_vender=AC, VendorModel_PE=Cisco 2611, Edit_A_Endtechnology=Atrica, Interfacetoselect_Interfacenumber=1, EDIT_cpe_snmpro=Public, Servicesubtype=Direct Fiber, xng city name=Brusel, performanceReportngForServices=yes, Address_PE=123.12.54.1, editInterfacepage_Vlanid=1054, country=AL (Albania), deleteDeviceforequipment=No, deliveryChannel=Retail, cpeintequip_hexaSerialnumber=65854523, servicetypeforverification=LAN Link, Proactivemonitor=no, Edit_Notification management=Reseller, cpe_linkLostForwarding=yes, endpointCPE=yes, PerformMonitor=yes, Siteordernumber=1_AE_1030_123, Edit_vpnTopology=Hub&Spoke, DSLMdevice=lookup1, deleteDeviceforIntermediateequipment=No, vpnTopology=Point-to-Point, EDIT_cpe_Mediaselection=Type A, EDIT_cpe_Mepid=1122.0, cpeintequip_premise=Premise I, EDIT_VLANid=10.25, city_PE=India, Addnewlink_targetdevice=targert1, EDIT_cpe_poweralarm=AC, Interfaceinservice_Interfacenumber=2, Addnewlink_targetInterface=target2, cpe_snmpro=Public, Edit_ENNI checkbox=yes, Edit_serviceNumber=546, ManagementOrder=9.0702251E7, EDIT_cpe_vender=AC, Modularmsp=no, CircuitReference=infoNeeded, VLANid=10.25, Edit_ManagementOrder=9.0702251E7, Interfacespeed=1GigE, EDIT_cpe_managementAddress=255.255.254.255, Edit_phone=9751235.0, siteallias=60Acres, xng ciy code=641602, Order/ContractNumber=16578.0, Edit_endpointCPE=yes, cpeintequip_Mediaselection=SFP-A with SFP-B, cpeintequip_serialNumber=2125, manageConnectiondropdown=IPC Based, site_PE=Site A, cpename=7705@uae.colt.net, remark=Workingfine, premise_PE=All, cpeintequip_snmpro=Public, Edit_CircuitType=Default, Edit_proactiveMonitor=yes, siteorder_Remark=New Order, Name_PE=101_Nettransfer, EDIT_cloudserviceprovider=Microsoft Azure, Select/Create device_PE=create, editInterfacepage_BearerSpeed=Type A, CircuitType=Composite Circuit, performReport=no, Addnewlink_Circuitid=Interface 1, EDIT_cpe_Macaddress=10.254.45.8, editInterfacepage_bandwidth=50gbps, IMS pop locations_PE=colt, technology=Atrica, cpe_managementAddress=255.255.254.254, proactiveMonitor=yes, Interfacename_forEditInterface=Client, sitevalue=Primary, editInterfacepage_vlantype=Type A, Edit_intermediateTechnology=Connection edited, Edit_PerformMonitor=yes}]]>
              </value>
            </param>
          </params>
          <reporter-output>
          </reporter-output>
        </test-method> <!-- synchronizeServiceSubtypeforLANLINKserviceunderviewservicepage -->
        <test-method status="PASS" signature="getResult(org.testng.ITestResult)[pri:0, instance:com.saksoft.qa.testscripts.APT_MCS_CreateOrderService@4520ebad]" name="getResult" is-config="true" duration-ms="0" started-at="2019-12-08T11:56:12Z" finished-at="2019-12-08T11:56:12Z">
          <params>
            <param index="0">
              <value>
                <![CDATA[[TestResult name=synchronizeServiceSubtypeforLANLINKserviceunderviewservicepage status=SUCCESS method=APT_MCS_CreateOrderService.synchronizeServiceSubtypeforLANLINKserviceunderviewservicepage(java.util.Map)[pri:0, instance:com.saksoft.qa.testscripts.APT_MCS_CreateOrderService@4520ebad] output={null}]]]>
              </value>
            </param>
          </params>
          <reporter-output>
          </reporter-output>
        </test-method> <!-- getResult -->
        <test-method status="PASS" signature="BeforeMethod(java.lang.reflect.Method, org.testng.ITestContext, [Ljava.lang.Object;)[pri:0, instance:com.saksoft.qa.testscripts.APT_MCS_CreateOrderService@4520ebad]" name="BeforeMethod" is-config="true" duration-ms="1" started-at="2019-12-08T11:56:12Z" finished-at="2019-12-08T11:56:12Z">
          <params>
            <param index="0">
              <value>
                <![CDATA[public void com.saksoft.qa.testscripts.APT_MCS_CreateOrderService.showNewInfovistaReportunderviewservicepage(java.util.Map) throws java.lang.Exception]]>
              </value>
            </param>
            <param index="1">
              <value>
                <![CDATA[org.testng.TestRunner@6184628d]]>
              </value>
            </param>
            <param index="2">
              <value>
                <![CDATA[[Ljava.lang.Object;@456e53b1]]>
              </value>
            </param>
          </params>
          <reporter-output>
          </reporter-output>
        </test-method> <!-- BeforeMethod -->
        <test-method status="PASS" signature="showNewInfovistaReportunderviewservicepage(java.util.Map)[pri:0, instance:com.saksoft.qa.testscripts.APT_MCS_CreateOrderService@4520ebad]" name="showNewInfovistaReportunderviewservicepage" duration-ms="9557" started-at="2019-12-08T11:56:12Z" data-provider="DataReader_createService" finished-at="2019-12-08T11:56:22Z">
          <params>
            <param index="0">
              <value>
                <![CDATA[{Addnewlink_interfacename=Target Interface, serviceNumber=123456.0, EDIT_cpe_serialNumber=2125.0, EDIT_performReport=Follow Service, EDIT_cpe_linkLostForwarding=no, ENNI checkbox=yes, Customername=nh11, B_Endtechnology=MMSP, CSR_Name=test1, Snmpro_PE=12.0, EDIT_ProactiveMonitor=Follow Service, ServiceType=LANLink, cpe_Mediaselection=Type A, AggregateTraffic=yes, cpeintequip_city=India, EDIT_cpe_hexaSerialnumber=6.5854523E7, Edit_remark=remarks edited, cpe_poweralarm=AC, cpe_serialNumber=2125, Addnewlink_sourcedevice=source1, cpe_vender=AC, AutocreateService=yes, cloudserviceprovider=Microsoft Azure, EDIT_DCAenabledsite=yes, EDIT_Siteordernumber=1_AE_1030_123, cpeintequip_Mepid=1122, ChooseCustomerToBeSelected=nh11, protectforaddsiteorder=yes, Notification management=Retail, cpe_Mepid=5555, EDIT_smartmonitor=Follow Service, phone=9751235.0, EDIT_Serviecsubtype=Direct Fibre, nonterminationpoint=yes, cpeintequip_site=Site A, cpeintequip_country=AT (Austria), Addnewlink_sourceInterface=source2, Ordertype=new, smartmonitor=no, city=Primary, cpe_hexaSerialnumber=65854523, editInterfacepage_circuitId=UK_SE7_UNIT_A, editInterfacepage_BearerType=Type1, cpeintequip_poweralarm=AC, DCAenabledsite=yes, cpe_Macaddress=10.254.45.8, Edit_CircuitReference=infoNeeded, Edit_email=sanjeev@gmail.com, intermediateTechnology=Connection1, EDIT_siteallias=60Acres, Edit_deliveryChannel=Retail, email=sanjeev@gmail.com, Delivery channel for select tag=Retail, country_PE=AT (Austria), Edit_manageConnectiondropdown=IPC Based, cpeintequip_managementAddress=454, cpeintequip_Macaddress=45, Edit_B_Endtechnology=MMSP, Edit_AggregateTraffic=no, valuetobeselectedinorderdropdown=12345, EDIT_cpename=7705@uae.colt.net, A_Endtechnology=Atrica, devicenameForaddsiteorder=equip5, cpeintEquip_name=1542, site=no, cpeintequip_linkLostForwarding=Yes, cpeintequip_vender=AC, VendorModel_PE=Cisco 2611, Edit_A_Endtechnology=Atrica, Interfacetoselect_Interfacenumber=1, EDIT_cpe_snmpro=Public, Servicesubtype=Direct Fiber, xng city name=Brusel, performanceReportngForServices=yes, Address_PE=123.12.54.1, editInterfacepage_Vlanid=1054, country=AL (Albania), deleteDeviceforequipment=No, deliveryChannel=Retail, cpeintequip_hexaSerialnumber=65854523, servicetypeforverification=LAN Link, Proactivemonitor=no, Edit_Notification management=Reseller, cpe_linkLostForwarding=yes, endpointCPE=yes, PerformMonitor=yes, Siteordernumber=1_AE_1030_123, Edit_vpnTopology=Hub&Spoke, DSLMdevice=lookup1, deleteDeviceforIntermediateequipment=No, vpnTopology=Point-to-Point, EDIT_cpe_Mediaselection=Type A, EDIT_cpe_Mepid=1122.0, cpeintequip_premise=Premise I, EDIT_VLANid=10.25, city_PE=India, Addnewlink_targetdevice=targert1, EDIT_cpe_poweralarm=AC, Interfaceinservice_Interfacenumber=2, Addnewlink_targetInterface=target2, cpe_snmpro=Public, Edit_ENNI checkbox=yes, Edit_serviceNumber=546, ManagementOrder=9.0702251E7, EDIT_cpe_vender=AC, Modularmsp=no, CircuitReference=infoNeeded, VLANid=10.25, Edit_ManagementOrder=9.0702251E7, Interfacespeed=1GigE, EDIT_cpe_managementAddress=255.255.254.255, Edit_phone=9751235.0, siteallias=60Acres, xng ciy code=641602, Order/ContractNumber=16578.0, Edit_endpointCPE=yes, cpeintequip_Mediaselection=SFP-A with SFP-B, cpeintequip_serialNumber=2125, manageConnectiondropdown=IPC Based, site_PE=Site A, cpename=7705@uae.colt.net, remark=Workingfine, premise_PE=All, cpeintequip_snmpro=Public, Edit_CircuitType=Default, Edit_proactiveMonitor=yes, siteorder_Remark=New Order, Name_PE=101_Nettransfer, EDIT_cloudserviceprovider=Microsoft Azure, Select/Create device_PE=create, editInterfacepage_BearerSpeed=Type A, CircuitType=Composite Circuit, performReport=no, Addnewlink_Circuitid=Interface 1, EDIT_cpe_Macaddress=10.254.45.8, editInterfacepage_bandwidth=50gbps, IMS pop locations_PE=colt, technology=Atrica, cpe_managementAddress=255.255.254.254, proactiveMonitor=yes, Interfacename_forEditInterface=Client, sitevalue=Primary, editInterfacepage_vlantype=Type A, Edit_intermediateTechnology=Connection edited, Edit_PerformMonitor=yes}]]>
              </value>
            </param>
          </params>
          <reporter-output>
          </reporter-output>
        </test-method> <!-- showNewInfovistaReportunderviewservicepage -->
        <test-method status="PASS" signature="getResult(org.testng.ITestResult)[pri:0, instance:com.saksoft.qa.testscripts.APT_MCS_CreateOrderService@4520ebad]" name="getResult" is-config="true" duration-ms="0" started-at="2019-12-08T11:56:22Z" finished-at="2019-12-08T11:56:22Z">
          <params>
            <param index="0">
              <value>
                <![CDATA[[TestResult name=showNewInfovistaReportunderviewservicepage status=SUCCESS method=APT_MCS_CreateOrderService.showNewInfovistaReportunderviewservicepage(java.util.Map)[pri:0, instance:com.saksoft.qa.testscripts.APT_MCS_CreateOrderService@4520ebad] output={null}]]]>
              </value>
            </param>
          </params>
          <reporter-output>
          </reporter-output>
        </test-method> <!-- getResult -->
        <test-method status="PASS" signature="BeforeMethod(java.lang.reflect.Method, org.testng.ITestContext, [Ljava.lang.Object;)[pri:0, instance:com.saksoft.qa.testscripts.APT_MCS_CreateOrderService@4520ebad]" name="BeforeMethod" is-config="true" duration-ms="0" started-at="2019-12-08T11:56:22Z" finished-at="2019-12-08T11:56:22Z">
          <params>
            <param index="0">
              <value>
                <![CDATA[public void com.saksoft.qa.testscripts.APT_MCS_CreateOrderService.manageServiceunderviewservicepage(java.util.Map) throws java.lang.Exception]]>
              </value>
            </param>
            <param index="1">
              <value>
                <![CDATA[org.testng.TestRunner@6184628d]]>
              </value>
            </param>
            <param index="2">
              <value>
                <![CDATA[[Ljava.lang.Object;@438b402d]]>
              </value>
            </param>
          </params>
          <reporter-output>
          </reporter-output>
        </test-method> <!-- BeforeMethod -->
        <test-method status="PASS" signature="manageServiceunderviewservicepage(java.util.Map)[pri:0, instance:com.saksoft.qa.testscripts.APT_MCS_CreateOrderService@4520ebad]" name="manageServiceunderviewservicepage" duration-ms="12741" started-at="2019-12-08T11:56:22Z" data-provider="DataReader_createService" finished-at="2019-12-08T11:56:35Z">
          <params>
            <param index="0">
              <value>
                <![CDATA[{Addnewlink_interfacename=Target Interface, serviceNumber=123456.0, EDIT_cpe_serialNumber=2125.0, EDIT_performReport=Follow Service, EDIT_cpe_linkLostForwarding=no, ENNI checkbox=yes, Customername=nh11, B_Endtechnology=MMSP, CSR_Name=test1, Snmpro_PE=12.0, EDIT_ProactiveMonitor=Follow Service, ServiceType=LANLink, cpe_Mediaselection=Type A, AggregateTraffic=yes, cpeintequip_city=India, EDIT_cpe_hexaSerialnumber=6.5854523E7, Edit_remark=remarks edited, cpe_poweralarm=AC, cpe_serialNumber=2125, Addnewlink_sourcedevice=source1, cpe_vender=AC, AutocreateService=yes, cloudserviceprovider=Microsoft Azure, EDIT_DCAenabledsite=yes, EDIT_Siteordernumber=1_AE_1030_123, cpeintequip_Mepid=1122, ChooseCustomerToBeSelected=nh11, protectforaddsiteorder=yes, Notification management=Retail, cpe_Mepid=5555, EDIT_smartmonitor=Follow Service, phone=9751235.0, EDIT_Serviecsubtype=Direct Fibre, nonterminationpoint=yes, cpeintequip_site=Site A, cpeintequip_country=AT (Austria), Addnewlink_sourceInterface=source2, Ordertype=new, smartmonitor=no, city=Primary, cpe_hexaSerialnumber=65854523, editInterfacepage_circuitId=UK_SE7_UNIT_A, editInterfacepage_BearerType=Type1, cpeintequip_poweralarm=AC, DCAenabledsite=yes, cpe_Macaddress=10.254.45.8, Edit_CircuitReference=infoNeeded, Edit_email=sanjeev@gmail.com, intermediateTechnology=Connection1, EDIT_siteallias=60Acres, Edit_deliveryChannel=Retail, email=sanjeev@gmail.com, Delivery channel for select tag=Retail, country_PE=AT (Austria), Edit_manageConnectiondropdown=IPC Based, cpeintequip_managementAddress=454, cpeintequip_Macaddress=45, Edit_B_Endtechnology=MMSP, Edit_AggregateTraffic=no, valuetobeselectedinorderdropdown=12345, EDIT_cpename=7705@uae.colt.net, A_Endtechnology=Atrica, devicenameForaddsiteorder=equip5, cpeintEquip_name=1542, site=no, cpeintequip_linkLostForwarding=Yes, cpeintequip_vender=AC, VendorModel_PE=Cisco 2611, Edit_A_Endtechnology=Atrica, Interfacetoselect_Interfacenumber=1, EDIT_cpe_snmpro=Public, Servicesubtype=Direct Fiber, xng city name=Brusel, performanceReportngForServices=yes, Address_PE=123.12.54.1, editInterfacepage_Vlanid=1054, country=AL (Albania), deleteDeviceforequipment=No, deliveryChannel=Retail, cpeintequip_hexaSerialnumber=65854523, servicetypeforverification=LAN Link, Proactivemonitor=no, Edit_Notification management=Reseller, cpe_linkLostForwarding=yes, endpointCPE=yes, PerformMonitor=yes, Siteordernumber=1_AE_1030_123, Edit_vpnTopology=Hub&Spoke, DSLMdevice=lookup1, deleteDeviceforIntermediateequipment=No, vpnTopology=Point-to-Point, EDIT_cpe_Mediaselection=Type A, EDIT_cpe_Mepid=1122.0, cpeintequip_premise=Premise I, EDIT_VLANid=10.25, city_PE=India, Addnewlink_targetdevice=targert1, EDIT_cpe_poweralarm=AC, Interfaceinservice_Interfacenumber=2, Addnewlink_targetInterface=target2, cpe_snmpro=Public, Edit_ENNI checkbox=yes, Edit_serviceNumber=546, ManagementOrder=9.0702251E7, EDIT_cpe_vender=AC, Modularmsp=no, CircuitReference=infoNeeded, VLANid=10.25, Edit_ManagementOrder=9.0702251E7, Interfacespeed=1GigE, EDIT_cpe_managementAddress=255.255.254.255, Edit_phone=9751235.0, siteallias=60Acres, xng ciy code=641602, Order/ContractNumber=16578.0, Edit_endpointCPE=yes, cpeintequip_Mediaselection=SFP-A with SFP-B, cpeintequip_serialNumber=2125, manageConnectiondropdown=IPC Based, site_PE=Site A, cpename=7705@uae.colt.net, remark=Workingfine, premise_PE=All, cpeintequip_snmpro=Public, Edit_CircuitType=Default, Edit_proactiveMonitor=yes, siteorder_Remark=New Order, Name_PE=101_Nettransfer, EDIT_cloudserviceprovider=Microsoft Azure, Select/Create device_PE=create, editInterfacepage_BearerSpeed=Type A, CircuitType=Composite Circuit, performReport=no, Addnewlink_Circuitid=Interface 1, EDIT_cpe_Macaddress=10.254.45.8, editInterfacepage_bandwidth=50gbps, IMS pop locations_PE=colt, technology=Atrica, cpe_managementAddress=255.255.254.254, proactiveMonitor=yes, Interfacename_forEditInterface=Client, sitevalue=Primary, editInterfacepage_vlantype=Type A, Edit_intermediateTechnology=Connection edited, Edit_PerformMonitor=yes}]]>
              </value>
            </param>
          </params>
          <reporter-output>
          </reporter-output>
        </test-method> <!-- manageServiceunderviewservicepage -->
        <test-method status="PASS" signature="getResult(org.testng.ITestResult)[pri:0, instance:com.saksoft.qa.testscripts.APT_MCS_CreateOrderService@4520ebad]" name="getResult" is-config="true" duration-ms="0" started-at="2019-12-08T11:56:35Z" finished-at="2019-12-08T11:56:35Z">
          <params>
            <param index="0">
              <value>
                <![CDATA[[TestResult name=manageServiceunderviewservicepage status=SUCCESS method=APT_MCS_CreateOrderService.manageServiceunderviewservicepage(java.util.Map)[pri:0, instance:com.saksoft.qa.testscripts.APT_MCS_CreateOrderService@4520ebad] output={null}]]]>
              </value>
            </param>
          </params>
          <reporter-output>
          </reporter-output>
        </test-method> <!-- getResult -->
        <test-method status="PASS" signature="ManageSubnetsForlanlinkServiceunderviewservicepage(java.util.Map)[pri:0, instance:com.saksoft.qa.testscripts.APT_MCS_CreateOrderService@4520ebad]" name="ManageSubnetsForlanlinkServiceunderviewservicepage" duration-ms="12689" started-at="2019-12-08T11:56:35Z" data-provider="DataReader_createService" finished-at="2019-12-08T11:56:48Z">
          <params>
            <param index="0">
              <value>
                <![CDATA[{Addnewlink_interfacename=Target Interface, serviceNumber=123456.0, EDIT_cpe_serialNumber=2125.0, EDIT_performReport=Follow Service, EDIT_cpe_linkLostForwarding=no, ENNI checkbox=yes, Customername=nh11, B_Endtechnology=MMSP, CSR_Name=test1, Snmpro_PE=12.0, EDIT_ProactiveMonitor=Follow Service, ServiceType=LANLink, cpe_Mediaselection=Type A, AggregateTraffic=yes, cpeintequip_city=India, EDIT_cpe_hexaSerialnumber=6.5854523E7, Edit_remark=remarks edited, cpe_poweralarm=AC, cpe_serialNumber=2125, Addnewlink_sourcedevice=source1, cpe_vender=AC, AutocreateService=yes, cloudserviceprovider=Microsoft Azure, EDIT_DCAenabledsite=yes, EDIT_Siteordernumber=1_AE_1030_123, cpeintequip_Mepid=1122, ChooseCustomerToBeSelected=nh11, protectforaddsiteorder=yes, Notification management=Retail, cpe_Mepid=5555, EDIT_smartmonitor=Follow Service, phone=9751235.0, EDIT_Serviecsubtype=Direct Fibre, nonterminationpoint=yes, cpeintequip_site=Site A, cpeintequip_country=AT (Austria), Addnewlink_sourceInterface=source2, Ordertype=new, smartmonitor=no, city=Primary, cpe_hexaSerialnumber=65854523, editInterfacepage_circuitId=UK_SE7_UNIT_A, editInterfacepage_BearerType=Type1, cpeintequip_poweralarm=AC, DCAenabledsite=yes, cpe_Macaddress=10.254.45.8, Edit_CircuitReference=infoNeeded, Edit_email=sanjeev@gmail.com, intermediateTechnology=Connection1, EDIT_siteallias=60Acres, Edit_deliveryChannel=Retail, email=sanjeev@gmail.com, Delivery channel for select tag=Retail, country_PE=AT (Austria), Edit_manageConnectiondropdown=IPC Based, cpeintequip_managementAddress=454, cpeintequip_Macaddress=45, Edit_B_Endtechnology=MMSP, Edit_AggregateTraffic=no, valuetobeselectedinorderdropdown=12345, EDIT_cpename=7705@uae.colt.net, A_Endtechnology=Atrica, devicenameForaddsiteorder=equip5, cpeintEquip_name=1542, site=no, cpeintequip_linkLostForwarding=Yes, cpeintequip_vender=AC, VendorModel_PE=Cisco 2611, Edit_A_Endtechnology=Atrica, Interfacetoselect_Interfacenumber=1, EDIT_cpe_snmpro=Public, Servicesubtype=Direct Fiber, xng city name=Brusel, performanceReportngForServices=yes, Address_PE=123.12.54.1, editInterfacepage_Vlanid=1054, country=AL (Albania), deleteDeviceforequipment=No, deliveryChannel=Retail, cpeintequip_hexaSerialnumber=65854523, servicetypeforverification=LAN Link, Proactivemonitor=no, Edit_Notification management=Reseller, cpe_linkLostForwarding=yes, endpointCPE=yes, PerformMonitor=yes, Siteordernumber=1_AE_1030_123, Edit_vpnTopology=Hub&Spoke, DSLMdevice=lookup1, deleteDeviceforIntermediateequipment=No, vpnTopology=Point-to-Point, EDIT_cpe_Mediaselection=Type A, EDIT_cpe_Mepid=1122.0, cpeintequip_premise=Premise I, EDIT_VLANid=10.25, city_PE=India, Addnewlink_targetdevice=targert1, EDIT_cpe_poweralarm=AC, Interfaceinservice_Interfacenumber=2, Addnewlink_targetInterface=target2, cpe_snmpro=Public, Edit_ENNI checkbox=yes, Edit_serviceNumber=546, ManagementOrder=9.0702251E7, EDIT_cpe_vender=AC, Modularmsp=no, CircuitReference=infoNeeded, VLANid=10.25, Edit_ManagementOrder=9.0702251E7, Interfacespeed=1GigE, EDIT_cpe_managementAddress=255.255.254.255, Edit_phone=9751235.0, siteallias=60Acres, xng ciy code=641602, Order/ContractNumber=16578.0, Edit_endpointCPE=yes, cpeintequip_Mediaselection=SFP-A with SFP-B, cpeintequip_serialNumber=2125, manageConnectiondropdown=IPC Based, site_PE=Site A, cpename=7705@uae.colt.net, remark=Workingfine, premise_PE=All, cpeintequip_snmpro=Public, Edit_CircuitType=Default, Edit_proactiveMonitor=yes, siteorder_Remark=New Order, Name_PE=101_Nettransfer, EDIT_cloudserviceprovider=Microsoft Azure, Select/Create device_PE=create, editInterfacepage_BearerSpeed=Type A, CircuitType=Composite Circuit, performReport=no, Addnewlink_Circuitid=Interface 1, EDIT_cpe_Macaddress=10.254.45.8, editInterfacepage_bandwidth=50gbps, IMS pop locations_PE=colt, technology=Atrica, cpe_managementAddress=255.255.254.254, proactiveMonitor=yes, Interfacename_forEditInterface=Client, sitevalue=Primary, editInterfacepage_vlantype=Type A, Edit_intermediateTechnology=Connection edited, Edit_PerformMonitor=yes}]]>
              </value>
            </param>
          </params>
          <reporter-output>
          </reporter-output>
        </test-method> <!-- ManageSubnetsForlanlinkServiceunderviewservicepage -->
        <test-method status="PASS" signature="BeforeMethod(java.lang.reflect.Method, org.testng.ITestContext, [Ljava.lang.Object;)[pri:0, instance:com.saksoft.qa.testscripts.APT_MCS_CreateOrderService@4520ebad]" name="BeforeMethod" is-config="true" duration-ms="0" started-at="2019-12-08T11:56:35Z" finished-at="2019-12-08T11:56:35Z">
          <params>
            <param index="0">
              <value>
                <![CDATA[public void com.saksoft.qa.testscripts.APT_MCS_CreateOrderService.ManageSubnetsForlanlinkServiceunderviewservicepage(java.util.Map) throws java.lang.Exception]]>
              </value>
            </param>
            <param index="1">
              <value>
                <![CDATA[org.testng.TestRunner@6184628d]]>
              </value>
            </param>
            <param index="2">
              <value>
                <![CDATA[[Ljava.lang.Object;@31a9df02]]>
              </value>
            </param>
          </params>
          <reporter-output>
          </reporter-output>
        </test-method> <!-- BeforeMethod -->
        <test-method status="PASS" signature="getResult(org.testng.ITestResult)[pri:0, instance:com.saksoft.qa.testscripts.APT_MCS_CreateOrderService@4520ebad]" name="getResult" is-config="true" duration-ms="0" started-at="2019-12-08T11:56:48Z" finished-at="2019-12-08T11:56:48Z">
          <params>
            <param index="0">
              <value>
                <![CDATA[[TestResult name=ManageSubnetsForlanlinkServiceunderviewservicepage status=SUCCESS method=APT_MCS_CreateOrderService.ManageSubnetsForlanlinkServiceunderviewservicepage(java.util.Map)[pri:0, instance:com.saksoft.qa.testscripts.APT_MCS_CreateOrderService@4520ebad] output={null}]]]>
              </value>
            </param>
          </params>
          <reporter-output>
          </reporter-output>
        </test-method> <!-- getResult -->
        <test-method status="PASS" signature="verifyAddSiteOrderFieldsfortheServiceSubtypeSelectedunderLANLINK(java.util.Map)[pri:0, instance:com.saksoft.qa.testscripts.APT_MCS_CreateOrderService@4520ebad]" name="verifyAddSiteOrderFieldsfortheServiceSubtypeSelectedunderLANLINK" duration-ms="58245" started-at="2019-12-08T11:56:48Z" data-provider="DataReader_createService" finished-at="2019-12-08T11:57:46Z">
          <params>
            <param index="0">
              <value>
                <![CDATA[{Addnewlink_interfacename=Target Interface, serviceNumber=123456.0, EDIT_cpe_serialNumber=2125.0, EDIT_performReport=Follow Service, EDIT_cpe_linkLostForwarding=no, ENNI checkbox=yes, Customername=nh11, B_Endtechnology=MMSP, CSR_Name=test1, Snmpro_PE=12.0, EDIT_ProactiveMonitor=Follow Service, ServiceType=LANLink, cpe_Mediaselection=Type A, AggregateTraffic=yes, cpeintequip_city=India, EDIT_cpe_hexaSerialnumber=6.5854523E7, Edit_remark=remarks edited, cpe_poweralarm=AC, cpe_serialNumber=2125, Addnewlink_sourcedevice=source1, cpe_vender=AC, AutocreateService=yes, cloudserviceprovider=Microsoft Azure, EDIT_DCAenabledsite=yes, EDIT_Siteordernumber=1_AE_1030_123, cpeintequip_Mepid=1122, ChooseCustomerToBeSelected=nh11, protectforaddsiteorder=yes, Notification management=Retail, cpe_Mepid=5555, EDIT_smartmonitor=Follow Service, phone=9751235.0, EDIT_Serviecsubtype=Direct Fibre, nonterminationpoint=yes, cpeintequip_site=Site A, cpeintequip_country=AT (Austria), Addnewlink_sourceInterface=source2, Ordertype=new, smartmonitor=no, city=Primary, cpe_hexaSerialnumber=65854523, editInterfacepage_circuitId=UK_SE7_UNIT_A, editInterfacepage_BearerType=Type1, cpeintequip_poweralarm=AC, DCAenabledsite=yes, cpe_Macaddress=10.254.45.8, Edit_CircuitReference=infoNeeded, Edit_email=sanjeev@gmail.com, intermediateTechnology=Connection1, EDIT_siteallias=60Acres, Edit_deliveryChannel=Retail, email=sanjeev@gmail.com, Delivery channel for select tag=Retail, country_PE=AT (Austria), Edit_manageConnectiondropdown=IPC Based, cpeintequip_managementAddress=454, cpeintequip_Macaddress=45, Edit_B_Endtechnology=MMSP, Edit_AggregateTraffic=no, valuetobeselectedinorderdropdown=12345, EDIT_cpename=7705@uae.colt.net, A_Endtechnology=Atrica, devicenameForaddsiteorder=equip5, cpeintEquip_name=1542, site=no, cpeintequip_linkLostForwarding=Yes, cpeintequip_vender=AC, VendorModel_PE=Cisco 2611, Edit_A_Endtechnology=Atrica, Interfacetoselect_Interfacenumber=1, EDIT_cpe_snmpro=Public, Servicesubtype=Direct Fiber, xng city name=Brusel, performanceReportngForServices=yes, Address_PE=123.12.54.1, editInterfacepage_Vlanid=1054, country=AL (Albania), deleteDeviceforequipment=No, deliveryChannel=Retail, cpeintequip_hexaSerialnumber=65854523, servicetypeforverification=LAN Link, Proactivemonitor=no, Edit_Notification management=Reseller, cpe_linkLostForwarding=yes, endpointCPE=yes, PerformMonitor=yes, Siteordernumber=1_AE_1030_123, Edit_vpnTopology=Hub&Spoke, DSLMdevice=lookup1, deleteDeviceforIntermediateequipment=No, vpnTopology=Point-to-Point, EDIT_cpe_Mediaselection=Type A, EDIT_cpe_Mepid=1122.0, cpeintequip_premise=Premise I, EDIT_VLANid=10.25, city_PE=India, Addnewlink_targetdevice=targert1, EDIT_cpe_poweralarm=AC, Interfaceinservice_Interfacenumber=2, Addnewlink_targetInterface=target2, cpe_snmpro=Public, Edit_ENNI checkbox=yes, Edit_serviceNumber=546, ManagementOrder=9.0702251E7, EDIT_cpe_vender=AC, Modularmsp=no, CircuitReference=infoNeeded, VLANid=10.25, Edit_ManagementOrder=9.0702251E7, Interfacespeed=1GigE, EDIT_cpe_managementAddress=255.255.254.255, Edit_phone=9751235.0, siteallias=60Acres, xng ciy code=641602, Order/ContractNumber=16578.0, Edit_endpointCPE=yes, cpeintequip_Mediaselection=SFP-A with SFP-B, cpeintequip_serialNumber=2125, manageConnectiondropdown=IPC Based, site_PE=Site A, cpename=7705@uae.colt.net, remark=Workingfine, premise_PE=All, cpeintequip_snmpro=Public, Edit_CircuitType=Default, Edit_proactiveMonitor=yes, siteorder_Remark=New Order, Name_PE=101_Nettransfer, EDIT_cloudserviceprovider=Microsoft Azure, Select/Create device_PE=create, editInterfacepage_BearerSpeed=Type A, CircuitType=Composite Circuit, performReport=no, Addnewlink_Circuitid=Interface 1, EDIT_cpe_Macaddress=10.254.45.8, editInterfacepage_bandwidth=50gbps, IMS pop locations_PE=colt, technology=Atrica, cpe_managementAddress=255.255.254.254, proactiveMonitor=yes, Interfacename_forEditInterface=Client, sitevalue=Primary, editInterfacepage_vlantype=Type A, Edit_intermediateTechnology=Connection edited, Edit_PerformMonitor=yes}]]>
              </value>
            </param>
          </params>
          <reporter-output>
          </reporter-output>
        </test-method> <!-- verifyAddSiteOrderFieldsfortheServiceSubtypeSelectedunderLANLINK -->
        <test-method status="PASS" signature="BeforeMethod(java.lang.reflect.Method, org.testng.ITestContext, [Ljava.lang.Object;)[pri:0, instance:com.saksoft.qa.testscripts.APT_MCS_CreateOrderService@4520ebad]" name="BeforeMethod" is-config="true" duration-ms="0" started-at="2019-12-08T11:56:48Z" finished-at="2019-12-08T11:56:48Z">
          <params>
            <param index="0">
              <value>
                <![CDATA[public void com.saksoft.qa.testscripts.APT_MCS_CreateOrderService.verifyAddSiteOrderFieldsfortheServiceSubtypeSelectedunderLANLINK(java.util.Map) throws java.lang.Exception]]>
              </value>
            </param>
            <param index="1">
              <value>
                <![CDATA[org.testng.TestRunner@6184628d]]>
              </value>
            </param>
            <param index="2">
              <value>
                <![CDATA[[Ljava.lang.Object;@5157fabb]]>
              </value>
            </param>
          </params>
          <reporter-output>
          </reporter-output>
        </test-method> <!-- BeforeMethod -->
        <test-method status="PASS" signature="getResult(org.testng.ITestResult)[pri:0, instance:com.saksoft.qa.testscripts.APT_MCS_CreateOrderService@4520ebad]" name="getResult" is-config="true" duration-ms="0" started-at="2019-12-08T11:57:46Z" finished-at="2019-12-08T11:57:46Z">
          <params>
            <param index="0">
              <value>
[...]
          <params>
            <param index="0">
              <value>
                <![CDATA[[TestResult name=ViewSiteOrderfortheServiceSubtypeSelectedunderLANLINK status=SUCCESS method=APT_MCS_CreateOrderService.ViewSiteOrderfortheServiceSubtypeSelectedunderLANLINK(java.util.Map)[pri:0, instance:com.saksoft.qa.testscripts.APT_MCS_CreateOrderService@4520ebad] output={null}]]]>
              </value>
            </param>
          </params>
          <reporter-output>
          </reporter-output>
        </test-method> <!-- getResult -->
        <test-method status="PASS" signature="BeforeMethod(java.lang.reflect.Method, org.testng.ITestContext, [Ljava.lang.Object;)[pri:0, instance:com.saksoft.qa.testscripts.APT_MCS_CreateOrderService@4520ebad]" name="BeforeMethod" is-config="true" duration-ms="0" started-at="2019-12-08T12:06:06Z" finished-at="2019-12-08T12:06:06Z">
          <params>
            <param index="0">
              <value>
                <![CDATA[public void com.saksoft.qa.testscripts.APT_MCS_CreateOrderService.AdddeviceforEquipment(java.util.Map) throws java.lang.Exception]]>
              </value>
            </param>
            <param index="1">
              <value>
                <![CDATA[org.testng.TestRunner@6184628d]]>
              </value>
            </param>
            <param index="2">
              <value>
                <![CDATA[[Ljava.lang.Object;@166e1ebe]]>
              </value>
            </param>
          </params>
          <reporter-output>
          </reporter-output>
        </test-method> <!-- BeforeMethod -->
        <test-method status="PASS" signature="AdddeviceforEquipment(java.util.Map)[pri:0, instance:com.saksoft.qa.testscripts.APT_MCS_CreateOrderService@4520ebad]" name="AdddeviceforEquipment" duration-ms="2807508" started-at="2019-12-08T12:06:06Z" data-provider="DataReader_createService" finished-at="2019-12-08T12:52:54Z">
          <params>
            <param index="0">
              <value>
                <![CDATA[{Addnewlink_interfacename=Target Interface, serviceNumber=123456.0, EDIT_cpe_serialNumber=2125.0, EDIT_performReport=Follow Service, EDIT_cpe_linkLostForwarding=no, ENNI checkbox=yes, Customername=nh11, B_Endtechnology=MMSP, CSR_Name=test1, Snmpro_PE=12.0, EDIT_ProactiveMonitor=Follow Service, ServiceType=LANLink, cpe_Mediaselection=Type A, AggregateTraffic=yes, cpeintequip_city=India, EDIT_cpe_hexaSerialnumber=6.5854523E7, Edit_remark=remarks edited, cpe_poweralarm=AC, cpe_serialNumber=2125, Addnewlink_sourcedevice=source1, cpe_vender=AC, AutocreateService=yes, cloudserviceprovider=Microsoft Azure, EDIT_DCAenabledsite=yes, EDIT_Siteordernumber=1_AE_1030_123, cpeintequip_Mepid=1122, ChooseCustomerToBeSelected=nh11, protectforaddsiteorder=yes, Notification management=Retail, cpe_Mepid=5555, EDIT_smartmonitor=Follow Service, phone=9751235.0, EDIT_Serviecsubtype=Direct Fibre, nonterminationpoint=yes, cpeintequip_site=Site A, cpeintequip_country=AT (Austria), Addnewlink_sourceInterface=source2, Ordertype=new, smartmonitor=no, city=Primary, cpe_hexaSerialnumber=65854523, editInterfacepage_circuitId=UK_SE7_UNIT_A, editInterfacepage_BearerType=Type1, cpeintequip_poweralarm=AC, DCAenabledsite=yes, cpe_Macaddress=10.254.45.8, Edit_CircuitReference=infoNeeded, Edit_email=sanjeev@gmail.com, intermediateTechnology=Connection1, EDIT_siteallias=60Acres, Edit_deliveryChannel=Retail, email=sanjeev@gmail.com, Delivery channel for select tag=Retail, country_PE=AT (Austria), Edit_manageConnectiondropdown=IPC Based, cpeintequip_managementAddress=454, cpeintequip_Macaddress=45, Edit_B_Endtechnology=MMSP, Edit_AggregateTraffic=no, valuetobeselectedinorderdropdown=12345, EDIT_cpename=7705@uae.colt.net, A_Endtechnology=Atrica, devicenameForaddsiteorder=equip5, cpeintEquip_name=1542, site=no, cpeintequip_linkLostForwarding=Yes, cpeintequip_vender=AC, VendorModel_PE=Cisco 2611, Edit_A_Endtechnology=Atrica, Interfacetoselect_Interfacenumber=1, EDIT_cpe_snmpro=Public, Servicesubtype=Direct Fiber, xng city name=Brusel, performanceReportngForServices=yes, Address_PE=123.12.54.1, editInterfacepage_Vlanid=1054, country=AL (Albania), deleteDeviceforequipment=No, deliveryChannel=Retail, cpeintequip_hexaSerialnumber=65854523, servicetypeforverification=LAN Link, Proactivemonitor=no, Edit_Notification management=Reseller, cpe_linkLostForwarding=yes, endpointCPE=yes, PerformMonitor=yes, Siteordernumber=1_AE_1030_123, Edit_vpnTopology=Hub&Spoke, DSLMdevice=lookup1, deleteDeviceforIntermediateequipment=No, vpnTopology=Point-to-Point, EDIT_cpe_Mediaselection=Type A, EDIT_cpe_Mepid=1122.0, cpeintequip_premise=Premise I, EDIT_VLANid=10.25, city_PE=India, Addnewlink_targetdevice=targert1, EDIT_cpe_poweralarm=AC, Interfaceinservice_Interfacenumber=2, Addnewlink_targetInterface=target2, cpe_snmpro=Public, Edit_ENNI checkbox=yes, Edit_serviceNumber=546, ManagementOrder=9.0702251E7, EDIT_cpe_vender=AC, Modularmsp=no, CircuitReference=infoNeeded, VLANid=10.25, Edit_ManagementOrder=9.0702251E7, Interfacespeed=1GigE, EDIT_cpe_managementAddress=255.255.254.255, Edit_phone=9751235.0, siteallias=60Acres, xng ciy code=641602, Order/ContractNumber=16578.0, Edit_endpointCPE=yes, cpeintequip_Mediaselection=SFP-A with SFP-B, cpeintequip_serialNumber=2125, manageConnectiondropdown=IPC Based, site_PE=Site A, cpename=7705@uae.colt.net, remark=Workingfine, premise_PE=All, cpeintequip_snmpro=Public, Edit_CircuitType=Default, Edit_proactiveMonitor=yes, siteorder_Remark=New Order, Name_PE=101_Nettransfer, EDIT_cloudserviceprovider=Microsoft Azure, Select/Create device_PE=create, editInterfacepage_BearerSpeed=Type A, CircuitType=Composite Circuit, performReport=no, Addnewlink_Circuitid=Interface 1, EDIT_cpe_Macaddress=10.254.45.8, editInterfacepage_bandwidth=50gbps, IMS pop locations_PE=colt, technology=Atrica, cpe_managementAddress=255.255.254.254, proactiveMonitor=yes, Interfacename_forEditInterface=Client, sitevalue=Primary, editInterfacepage_vlantype=Type A, Edit_intermediateTechnology=Connection edited, Edit_PerformMonitor=yes}]]>
              </value>
            </param>
          </params>
          <reporter-output>
          </reporter-output>
        </test-method> <!-- AdddeviceforEquipment -->
        <test-method status="PASS" signature="getResult(org.testng.ITestResult)[pri:0, instance:com.saksoft.qa.testscripts.APT_MCS_CreateOrderService@4520ebad]" name="getResult" is-config="true" duration-ms="0" started-at="2019-12-08T12:52:54Z" finished-at="2019-12-08T12:52:54Z">
          <params>
            <param index="0">
              <value>
                <![CDATA[[TestResult name=AdddeviceforEquipment status=SUCCESS method=APT_MCS_CreateOrderService.AdddeviceforEquipment(java.util.Map)[pri:0, instance:com.saksoft.qa.testscripts.APT_MCS_CreateOrderService@4520ebad] output={null}]]]>
              </value>
            </param>
          </params>
          <reporter-output>
          </reporter-output>
        </test-method> <!-- getResult -->
        <test-method status="PASS" signature="BeforeMethod(java.lang.reflect.Method, org.testng.ITestContext, [Ljava.lang.Object;)[pri:0, instance:com.saksoft.qa.testscripts.APT_MCS_CreateOrderService@4520ebad]" name="BeforeMethod" is-config="true" duration-ms="0" started-at="2019-12-08T12:52:54Z" finished-at="2019-12-08T12:52:54Z">
          <params>
            <param index="0">
              <value>
                <![CDATA[public void com.saksoft.qa.testscripts.APT_MCS_CreateOrderService.IntermediateEquipment(java.util.Map) throws java.lang.Exception]]>
              </value>
            </param>
            <param index="1">
              <value>
                <![CDATA[org.testng.TestRunner@6184628d]]>
              </value>
            </param>
            <param index="2">
              <value>
                <![CDATA[[Ljava.lang.Object;@6aa32b49]]>
              </value>
            </param>
          </params>
          <reporter-output>
          </reporter-output>
        </test-method> <!-- BeforeMethod -->
        <test-method status="FAIL" signature="IntermediateEquipment(java.util.Map)[pri:0, instance:com.saksoft.qa.testscripts.APT_MCS_CreateOrderService@4520ebad]" name="IntermediateEquipment" duration-ms="213670" started-at="2019-12-08T12:52:54Z" data-provider="DataReader_createService" finished-at="2019-12-08T12:56:28Z">
          <params>
            <param index="0">
              <value>
                <![CDATA[{Addnewlink_interfacename=Target Interface, serviceNumber=123456.0, EDIT_cpe_serialNumber=2125.0, EDIT_performReport=Follow Service, EDIT_cpe_linkLostForwarding=no, ENNI checkbox=yes, Customername=nh11, B_Endtechnology=MMSP, CSR_Name=test1, Snmpro_PE=12.0, EDIT_ProactiveMonitor=Follow Service, ServiceType=LANLink, cpe_Mediaselection=Type A, AggregateTraffic=yes, cpeintequip_city=India, EDIT_cpe_hexaSerialnumber=6.5854523E7, Edit_remark=remarks edited, cpe_poweralarm=AC, cpe_serialNumber=2125, Addnewlink_sourcedevice=source1, cpe_vender=AC, AutocreateService=yes, cloudserviceprovider=Microsoft Azure, EDIT_DCAenabledsite=yes, EDIT_Siteordernumber=1_AE_1030_123, cpeintequip_Mepid=1122, ChooseCustomerToBeSelected=nh11, protectforaddsiteorder=yes, Notification management=Retail, cpe_Mepid=5555, EDIT_smartmonitor=Follow Service, phone=9751235.0, EDIT_Serviecsubtype=Direct Fibre, nonterminationpoint=yes, cpeintequip_site=Site A, cpeintequip_country=AT (Austria), Addnewlink_sourceInterface=source2, Ordertype=new, smartmonitor=no, city=Primary, cpe_hexaSerialnumber=65854523, editInterfacepage_circuitId=UK_SE7_UNIT_A, editInterfacepage_BearerType=Type1, cpeintequip_poweralarm=AC, DCAenabledsite=yes, cpe_Macaddress=10.254.45.8, Edit_CircuitReference=infoNeeded, Edit_email=sanjeev@gmail.com, intermediateTechnology=Connection1, EDIT_siteallias=60Acres, Edit_deliveryChannel=Retail, email=sanjeev@gmail.com, Delivery channel for select tag=Retail, country_PE=AT (Austria), Edit_manageConnectiondropdown=IPC Based, cpeintequip_managementAddress=454, cpeintequip_Macaddress=45, Edit_B_Endtechnology=MMSP, Edit_AggregateTraffic=no, valuetobeselectedinorderdropdown=12345, EDIT_cpename=7705@uae.colt.net, A_Endtechnology=Atrica, devicenameForaddsiteorder=equip5, cpeintEquip_name=1542, site=no, cpeintequip_linkLostForwarding=Yes, cpeintequip_vender=AC, VendorModel_PE=Cisco 2611, Edit_A_Endtechnology=Atrica, Interfacetoselect_Interfacenumber=1, EDIT_cpe_snmpro=Public, Servicesubtype=Direct Fiber, xng city name=Brusel, performanceReportngForServices=yes, Address_PE=123.12.54.1, editInterfacepage_Vlanid=1054, country=AL (Albania), deleteDeviceforequipment=No, deliveryChannel=Retail, cpeintequip_hexaSerialnumber=65854523, servicetypeforverification=LAN Link, Proactivemonitor=no, Edit_Notification management=Reseller, cpe_linkLostForwarding=yes, endpointCPE=yes, PerformMonitor=yes, Siteordernumber=1_AE_1030_123, Edit_vpnTopology=Hub&Spoke, DSLMdevice=lookup1, deleteDeviceforIntermediateequipment=No, vpnTopology=Point-to-Point, EDIT_cpe_Mediaselection=Type A, EDIT_cpe_Mepid=1122.0, cpeintequip_premise=Premise I, EDIT_VLANid=10.25, city_PE=India, Addnewlink_targetdevice=targert1, EDIT_cpe_poweralarm=AC, Interfaceinservice_Interfacenumber=2, Addnewlink_targetInterface=target2, cpe_snmpro=Public, Edit_ENNI checkbox=yes, Edit_serviceNumber=546, ManagementOrder=9.0702251E7, EDIT_cpe_vender=AC, Modularmsp=no, CircuitReference=infoNeeded, VLANid=10.25, Edit_ManagementOrder=9.0702251E7, Interfacespeed=1GigE, EDIT_cpe_managementAddress=255.255.254.255, Edit_phone=9751235.0, siteallias=60Acres, xng ciy code=641602, Order/ContractNumber=16578.0, Edit_endpointCPE=yes, cpeintequip_Mediaselection=SFP-A with SFP-B, cpeintequip_serialNumber=2125, manageConnectiondropdown=IPC Based, site_PE=Site A, cpename=7705@uae.colt.net, remark=Workingfine, premise_PE=All, cpeintequip_snmpro=Public, Edit_CircuitType=Default, Edit_proactiveMonitor=yes, siteorder_Remark=New Order, Name_PE=101_Nettransfer, EDIT_cloudserviceprovider=Microsoft Azure, Select/Create device_PE=create, editInterfacepage_BearerSpeed=Type A, CircuitType=Composite Circuit, performReport=no, Addnewlink_Circuitid=Interface 1, EDIT_cpe_Macaddress=10.254.45.8, editInterfacepage_bandwidth=50gbps, IMS pop locations_PE=colt, technology=Atrica, cpe_managementAddress=255.255.254.254, proactiveMonitor=yes, Interfacename_forEditInterface=Client, sitevalue=Primary, editInterfacepage_vlantype=Type A, Edit_intermediateTechnology=Connection edited, Edit_PerformMonitor=yes}]]>
              </value>
            </param>
          </params>
          <exception class="org.openqa.selenium.WebDriverException">
            <message>
              <![CDATA[unknown error: cannot focus element
  (Session info: chrome=78.0.3904.108)
  (Driver info: chromedriver=2.40.565498 (ea082db3280dd6843ebfb08a625e3eb905c4f5ab),platform=Windows NT 10.0.14393 x86_64) (WARNING: The server did not provide any stacktrace information)
Command duration or timeout: 27 milliseconds
Build info: version: '3.4.0', revision: 'unknown', time: 'unknown'
System info: host: 'ULVMCTMTTL108', ip: '10.100.19.58', os.name: 'Windows Server 2016', os.arch: 'amd64', os.version: '10.0', java.version: '1.8.0_221'
Driver info: org.openqa.selenium.chrome.ChromeDriver
Capabilities [{applicationCacheEnabled=false, rotatable=false, mobileEmulationEnabled=false, networkConnectionEnabled=false, chrome={chromedriverVersion=2.40.565498 (ea082db3280dd6843ebfb08a625e3eb905c4f5ab), userDataDir=C:\Users\SKATHI~1\AppData\Local\Temp\7\scoped_dir1308_18919}, takesHeapSnapshot=true, pageLoadStrategy=none, databaseEnabled=false, handlesAlerts=true, hasTouchScreen=false, version=78.0.3904.108, platform=XP, browserConnectionEnabled=false, nativeEvents=true, acceptSslCerts=false, acceptInsecureCerts=false, locationContextEnabled=true, webStorageEnabled=true, browserName=chrome, takesScreenshot=true, javascriptEnabled=true, cssSelectorsEnabled=true, setWindowRect=true, unexpectedAlertBehaviour=}]
Session ID: f759822bddee997a732e203f594cafac]]>
            </message>
            <full-stacktrace>
              <![CDATA[org.openqa.selenium.WebDriverException: unknown error: cannot focus element
  (Session info: chrome=78.0.3904.108)
  (Driver info: chromedriver=2.40.565498 (ea082db3280dd6843ebfb08a625e3eb905c4f5ab),platform=Windows NT 10.0.14393 x86_64) (WARNING: The server did not provide any stacktrace information)
Command duration or timeout: 27 milliseconds
Build info: version: '3.4.0', revision: 'unknown', time: 'unknown'
System info: host: 'ULVMCTMTTL108', ip: '10.100.19.58', os.name: 'Windows Server 2016', os.arch: 'amd64', os.version: '10.0', java.version: '1.8.0_221'
Driver info: org.openqa.selenium.chrome.ChromeDriver
Capabilities [{applicationCacheEnabled=false, rotatable=false, mobileEmulationEnabled=false, networkConnectionEnabled=false, chrome={chromedriverVersion=2.40.565498 (ea082db3280dd6843ebfb08a625e3eb905c4f5ab), userDataDir=C:\Users\SKATHI~1\AppData\Local\Temp\7\scoped_dir1308_18919}, takesHeapSnapshot=true, pageLoadStrategy=none, databaseEnabled=false, handlesAlerts=true, hasTouchScreen=false, version=78.0.3904.108, platform=XP, browserConnectionEnabled=false, nativeEvents=true, acceptSslCerts=false, acceptInsecureCerts=false, locationContextEnabled=true, webStorageEnabled=true, browserName=chrome, takesScreenshot=true, javascriptEnabled=true, cssSelectorsEnabled=true, setWindowRect=true, unexpectedAlertBehaviour=}]
Session ID: f759822bddee997a732e203f594cafac
	at sun.reflect.NativeConstructorAccessorImpl.newInstance0(Native Method)
	at sun.reflect.NativeConstructorAccessorImpl.newInstance(Unknown Source)
	at sun.reflect.DelegatingConstructorAccessorImpl.newInstance(Unknown Source)
	at java.lang.reflect.Constructor.newInstance(Unknown Source)
	at org.openqa.selenium.remote.ErrorHandler.createThrowable(ErrorHandler.java:215)
	at org.openqa.selenium.remote.ErrorHandler.throwIfResponseFailed(ErrorHandler.java:167)
	at org.openqa.selenium.remote.RemoteWebDriver.execute(RemoteWebDriver.java:671)
	at org.openqa.selenium.remote.RemoteWebElement.execute(RemoteWebElement.java:272)
	at org.openqa.selenium.remote.RemoteWebElement.sendKeys(RemoteWebElement.java:96)
	at com.saksoft.qa.driverlibrary.DriverHelper.SendKeys(DriverHelper.java:691)
	at com.saksoft.qa.scripthelpers.APT_MCS_CreateOrderServiceHelper.addCPEdeviceforIntermediateequipment(APT_MCS_CreateOrderServiceHelper.java:10649)
	at com.saksoft.qa.testscripts.APT_MCS_CreateOrderService.IntermediateEquipment(APT_MCS_CreateOrderService.java:538)
	at sun.reflect.NativeMethodAccessorImpl.invoke0(Native Method)
	at sun.reflect.NativeMethodAccessorImpl.invoke(Unknown Source)
	at sun.reflect.DelegatingMethodAccessorImpl.invoke(Unknown Source)
	at java.lang.reflect.Method.invoke(Unknown Source)
	at org.testng.internal.MethodInvocationHelper.invokeMethod(MethodInvocationHelper.java:84)
	at org.testng.internal.Invoker.invokeMethod(Invoker.java:714)
	at org.testng.internal.Invoker.invokeTestMethod(Invoker.java:901)
	at org.testng.internal.Invoker.invokeTestMethods(Invoker.java:1231)
	at org.testng.internal.TestMethodWorker.invokeTestMethods(TestMethodWorker.java:127)
	at org.testng.internal.TestMethodWorker.run(TestMethodWorker.java:111)
	at org.testng.TestRunner.privateRun(TestRunner.java:767)
	at org.testng.TestRunner.run(TestRunner.java:617)
	at org.testng.SuiteRunner.runTest(SuiteRunner.java:334)
	at org.testng.SuiteRunner.runSequentially(SuiteRunner.java:329)
	at org.testng.SuiteRunner.privateRun(SuiteRunner.java:291)
	at org.testng.SuiteRunner.run(SuiteRunner.java:240)
	at org.testng.SuiteRunnerWorker.runSuite(SuiteRunnerWorker.java:52)
	at org.testng.SuiteRunnerWorker.run(SuiteRunnerWorker.java:86)
	at org.testng.TestNG.runSuitesSequentially(TestNG.java:1224)
	at org.testng.TestNG.runSuitesLocally(TestNG.java:1149)
	at org.testng.TestNG.run(TestNG.java:1057)
	at org.testng.remote.AbstractRemoteTestNG.run(AbstractRemoteTestNG.java:132)
	at org.testng.remote.RemoteTestNG.initAndRun(RemoteTestNG.java:230)
	at org.testng.remote.RemoteTestNG.main(RemoteTestNG.java:76)
]]>
            </full-stacktrace>
          </exception> <!-- org.openqa.selenium.WebDriverException -->
          <reporter-output>
          </reporter-output>
        </test-method> <!-- IntermediateEquipment -->
        <test-method status="PASS" signature="getResult(org.testng.ITestResult)[pri:0, instance:com.saksoft.qa.testscripts.APT_MCS_CreateOrderService@4520ebad]" name="getResult" is-config="true" duration-ms="647" started-at="2019-12-08T12:56:28Z" finished-at="2019-12-08T12:56:28Z">
          <params>
            <param index="0">
              <value>
                <![CDATA[[TestResult name=IntermediateEquipment status=FAILURE method=APT_MCS_CreateOrderService.IntermediateEquipment(java.util.Map)[pri:0, instance:com.saksoft.qa.testscripts.APT_MCS_CreateOrderService@4520ebad] output={null}]]]>
              </value>
            </param>
          </params>
          <reporter-output>
          </reporter-output>
        </test-method> <!-- getResult -->
        <test-method status="PASS" signature="Teardown()[pri:0, instance:com.saksoft.qa.testscripts.APT_MCS_CreateOrderService@4520ebad]" name="Teardown" is-config="true" duration-ms="0" started-at="2019-12-08T12:56:28Z" finished-at="2019-12-08T12:56:28Z">
          <reporter-output>
          </reporter-output>
        </test-method> <!-- Teardown -->
        <test-method status="PASS" signature="endReport()[pri:0, instance:com.saksoft.qa.testscripts.APT_MCS_CreateOrderService@4520ebad]" name="endReport" is-config="true" duration-ms="457" started-at="2019-12-08T12:56:28Z" finished-at="2019-12-08T12:56:29Z">
          <reporter-output>
          </reporter-output>
        </test-method> <!-- endReport -->
      </class> <!-- com.saksoft.qa.testscripts.APT_MCS_CreateOrderService -->
    </test> <!-- Default test -->
  </suite> <!-- Default suite -->
</testng-results>
