<?xml version="1.0" encoding="UTF-8"?>
<!-- Generated by org.testng.reporters.JUnitReportReporter -->
<testsuite hostname="ULVMCTMTTL107" name="com.saksoft.qa.apttestscripts.APT_MCS_CreateOrderService" tests="1" failures="0" timestamp="4 Dec 2019 05:29:37 GMT" time="1370.386" errors="0">
  <testcase name="verifyCreateNewOrderServiceFunctionality" time="1370.386" classname="com.saksoft.qa.apttestscripts.APT_MCS_CreateOrderService"/>
</testsuite> <!-- com.saksoft.qa.apttestscripts.APT_MCS_CreateOrderService -->
