<?xml version="1.0" encoding="UTF-8"?>
<!-- Generated by org.testng.reporters.JUnitReportReporter -->
<testsuite hostname="dosysnet174" failures="0" tests="2" name="com.saksoft.qa.testscripts.APT_MCS_SearchCustomer" time="42.719" errors="0" timestamp="19 Nov 2019 08:00:53 GMT">
  <testcase classname="com.saksoft.qa.testscripts.APT_MCS_SearchCustomer" name="verifySearchCustomerFields" time="22.183"/>
  <testcase classname="com.saksoft.qa.testscripts.APT_MCS_SearchCustomer" name="verifySearchCustomerFunctionality" time="20.536"/>
</testsuite> <!-- com.saksoft.qa.testscripts.APT_MCS_SearchCustomer -->
