<?xml version="1.0" encoding="UTF-8"?>
<!-- Generated by org.testng.reporters.JUnitReportReporter -->
<testsuite hostname="dosysnet174" failures="0" tests="2" name="com.saksoft.qa.testscripts2.APT_MCS_SearchCustomer" time="29.468" errors="0" timestamp="15 Nov 2019 09:27:46 GMT">
  <testcase classname="com.saksoft.qa.testscripts2.APT_MCS_SearchCustomer" name="verifySearchCustomerFields" time="8.926"/>
  <testcase classname="com.saksoft.qa.testscripts2.APT_MCS_SearchCustomer" name="verifySearchCustomerFunctionality" time="20.542"/>
</testsuite> <!-- com.saksoft.qa.testscripts2.APT_MCS_SearchCustomer -->
