<?xml version="1.0" encoding="UTF-8"?>
<!-- Generated by org.testng.reporters.JUnitReportReporter -->
<testsuite hostname="dosysnet175" failures="0" tests="3" name="Testscript.HomePage" time="0.016" errors="0" timestamp="10 Oct 2019 05:55:13 GMT">
  <testcase classname="Testscript.HomePage" name="AdminTab" time="0.000"/>
  <testcase classname="Testscript.HomePage" name="AdminTab" time="0.016"/>
  <testcase classname="Testscript.HomePage" name="AdminTab" time="0.000"/>
</testsuite> <!-- Testscript.HomePage -->
