<?xml version="1.0" encoding="UTF-8"?>
<!-- Generated by org.testng.reporters.JUnitReportReporter -->
<testsuite hostname="dosysnet174" failures="0" tests="1" name="com.saksoft.qa.testscripts2.APT_MCS_CreateOrderService" time="33.221" errors="0" timestamp="13 Nov 2019 12:07:35 GMT">
  <testcase classname="com.saksoft.qa.testscripts2.APT_MCS_CreateOrderService" name="verifyCreateOrderServiceFunctionality_IPVPN_Service" time="33.221"/>
</testsuite> <!-- com.saksoft.qa.testscripts2.APT_MCS_CreateOrderService -->
