<?xml version="1.0" encoding="UTF-8"?>
<!-- Generated by org.testng.reporters.JUnitReportReporter -->
<testsuite hostname="dosysnet174" failures="0" tests="3" name="com.saksoft.qa.testscripts2.APT_MCS_SearchOrderService" time="114.944" errors="0" timestamp="6 Nov 2019 09:37:38 GMT">
  <testcase classname="com.saksoft.qa.testscripts2.APT_MCS_SearchOrderService" name="verifySearchOrderServiceFields" time="9.344"/>
  <testcase classname="com.saksoft.qa.testscripts2.APT_MCS_SearchOrderService" name="verifyCreateOrderServiceFunctionality" time="51.845"/>
  <testcase classname="com.saksoft.qa.testscripts2.APT_MCS_SearchOrderService" name="downloadSearchResult_validation" time="53.755"/>
</testsuite> <!-- com.saksoft.qa.testscripts2.APT_MCS_SearchOrderService -->
