<?xml version="1.0" encoding="UTF-8"?>
<!-- Generated by org.testng.reporters.JUnitReportReporter -->
<testsuite hostname="dosysnet174" failures="1" tests="1" name="com.saksoft.qa.testscripts2.Interface_LAN_Edit" time="53.764" errors="0" timestamp="6 Nov 2019 09:37:38 GMT">
  <testcase classname="com.saksoft.qa.testscripts2.Interface_LAN_Edit" name="InterfaceLANedit" time="53.764">
    <failure type="java.lang.NullPointerException">
      <![CDATA[java.lang.NullPointerException
	at com.saksoft.qa.driverlibrary.XMLReader.getlocator(XMLReader.java:23)
	at com.saksoft.qa.scripthelpers.InterfaceLANeditHelper.RadioButtonForsecondaryIps(InterfaceLANeditHelper.java:209)
	at com.saksoft.qa.scripthelpers.InterfaceLANeditHelper.SecondaryIpsTable(InterfaceLANeditHelper.java:188)
	at com.saksoft.qa.testscripts2.Interface_LAN_Edit.InterfaceLANedit(Interface_LAN_Edit.java:48)
	at java.base/jdk.internal.reflect.NativeMethodAccessorImpl.invoke0(Native Method)
	at java.base/jdk.internal.reflect.NativeMethodAccessorImpl.invoke(NativeMethodAccessorImpl.java:62)
	at java.base/jdk.internal.reflect.DelegatingMethodAccessorImpl.invoke(DelegatingMethodAccessorImpl.java:43)
	at java.base/java.lang.reflect.Method.invoke(Method.java:567)
	at org.testng.internal.MethodInvocationHelper.invokeMethod(MethodInvocationHelper.java:84)
	at org.testng.internal.Invoker.invokeMethod(Invoker.java:714)
	at org.testng.internal.Invoker.invokeTestMethod(Invoker.java:901)
	at org.testng.internal.Invoker.invokeTestMethods(Invoker.java:1231)
	at org.testng.internal.TestMethodWorker.invokeTestMethods(TestMethodWorker.java:127)
	at org.testng.internal.TestMethodWorker.run(TestMethodWorker.java:111)
	at java.base/java.util.concurrent.ThreadPoolExecutor.runWorker(ThreadPoolExecutor.java:1128)
	at java.base/java.util.concurrent.ThreadPoolExecutor$Worker.run(ThreadPoolExecutor.java:628)
	at java.base/java.lang.Thread.run(Thread.java:830)
]]>
    </failure>
  </testcase> <!-- InterfaceLANedit -->
</testsuite> <!-- com.saksoft.qa.testscripts2.Interface_LAN_Edit -->
