<?xml version="1.0" encoding="UTF-8"?>
<!-- Generated by org.testng.reporters.JUnitReportReporter -->
<testsuite hostname="dosysnet174" failures="0" tests="3" name="com.saksoft.qa.testscripts2.APT_MCS_CreateCustomer" time="82.376" errors="0" timestamp="15 Nov 2019 09:27:46 GMT">
  <testcase classname="com.saksoft.qa.testscripts2.APT_MCS_CreateCustomer" name="verifyAddUserFields_CreateCustomer" time="33.403"/>
  <testcase classname="com.saksoft.qa.testscripts2.APT_MCS_CreateCustomer" name="verifyCreatedCustomerDetailssInCustomerDetailsPage" time="22.650"/>
  <testcase classname="com.saksoft.qa.testscripts2.APT_MCS_CreateCustomer" name="verifyAddedUserDetailsInViewUserPage" time="26.323"/>
</testsuite> <!-- com.saksoft.qa.testscripts2.APT_MCS_CreateCustomer -->
